#
# A fatal error has been detected by the Java Runtime Environment:
#
#  SIGSEGV (0xb) at pc=0x00007f7f418c9203, pid=6725, tid=0x00007f7f2b000700
#
# JRE version: Java(TM) SE Runtime Environment (8.0_101-b13) (build 1.8.0_101-b13)
# Java VM: Java HotSpot(TM) 64-Bit Server VM (25.101-b13 mixed mode linux-amd64 compressed oops)
# Problematic frame:
# J 2933 C2 org.jboss.jandex.StrongInternPool.resize(I)V (121 bytes) @ 0x00007f7f418c9203 [0x00007f7f418c8fa0+0x263]
#
# Failed to write core dump. Core dumps have been disabled. To enable core dumping, try "ulimit -c unlimited" before starting Java again
#
# If you would like to submit a bug report, please visit:
#   http://bugreport.java.com/bugreport/crash.jsp
#

---------------  T H R E A D  ---------------

Current thread (0x00007f7edc001000):  JavaThread "MSC service thread 1-7" [_thread_in_Java, id=6753, stack(0x00007f7f2af00000,0x00007f7f2b001000)]

siginfo: si_signo: 11 (SIGSEGV), si_code: 1 (SEGV_MAPERR), si_addr: 0x0000000000000015

Registers:
RAX=0x0000000032959e47, RBX=0x00007f7f3899b690, RCX=0x00000000f8000c48, RDX=0x00000000ff7d6f10
RSP=0x00007f7f2affef50, RBP=0x00000000201e2a99, RSI=0x00000000ff7d6f10, RDI=0x0000000000000000
R8 =0x0000000022a9fcb9, R9 =0x000000000000000d, R10=0x00000000ff7d6ef8, R11=0x0000000000000002
R12=0x0000000000000000, R13=0x00000000fd8d64b0, R14=0x00000000f8000c48, R15=0x00007f7edc001000
RIP=0x00007f7f418c9203, EFLAGS=0x0000000000010202, CSGSFS=0x0000000000000033, ERR=0x0000000000000004
  TRAPNO=0x000000000000000e

Top of Stack: (sp=0x00007f7f2affef50)
0x00007f7f2affef50:   00000fffff8a0000 0000100000000683
0x00007f7f2affef60:   00000000ff8a0000 00000000fcd79100
0x00007f7f2affef70:   00000000fd8d65b0 ff7d6ef800000800
0x00007f7f2affef80:   00000000ff7d6ef8 00000000ff7d6ef8
0x00007f7f2affef90:   0000000008000001 00000000fd8d6318
0x00007f7f2affefa0:   00000000fd8d64b0 00000000fd8d64b0
0x00007f7f2affefb0:   00000000ff8a0000 00007f7f4182c810
0x00007f7f2affefc0:   00000000fcd02a78 00000000fcd79100
0x00007f7f2affefd0:   ff8a000020030100 0000000100011790
0x00007f7f2affefe0:   00000000fd8d6598 0000000100000002
0x00007f7f2affeff0:   00000000fd8d6598 00000000fd8d6300
0x00007f7f2afff000:   00000000fd8d1c58 00000001000269b0
0x00007f7f2afff010:   00000000f83b5940 00000001000269b0
0x00007f7f2afff020:   00000000fd8d3dd0 00000000fd8d5640
0x00007f7f2afff030:   00007f7f2afff278 00007f7f4188b10c
0x00007f7f2afff040:   00007f7f2afff278 00007f7f41294e9c
0x00007f7f2afff050:   00000000fd8d1c38 00000000fcd02c28
0x00007f7f2afff060:   00000000fd8d1c58 00000000fd8d1c78
0x00007f7f2afff070:   00000000fd8d1c58 00007f7f41aa6ca4
0x00007f7f2afff080:   0000000000000a56 0000026c0000009b
0x00007f7f2afff090:   00000000fd8d1c38 0000009a000009b0
0x00007f7f2afff0a0:   00000000fcd02a78 00000000fd8d4070
0x00007f7f2afff0b0:   00000000fd8d4c88 00000000fd8d4d38
0x00007f7f2afff0c0:   00000001000269b0 000000010000e6b8
0x00007f7f2afff0d0:   0000000000000099 00000a5900000c08
0x00007f7f2afff0e0:   00000000fd8d1c38 00000000fd8d1c38
0x00007f7f2afff0f0:   00000000fcd02a78 00000000fd8d5660
0x00007f7f2afff100:   0000000600000008 00000000fd8d5660
0x00007f7f2afff110:   0000000000000009 00000000fcd5d7e8
0x00007f7f2afff120:   00000000fd8d6300 00000000fd8d6418
0x00007f7f2afff130:   00000000fcd5daa8 00000000fd8d62a0
0x00007f7f2afff140:   00000000fd8d62b8 00000000fd8d5270 

Instructions: (pc=0x00007f7f418c9203)
0x00007f7f418c91e3:   bd 1f 00 00 00 45 33 db 0f 1f 44 00 00 4c 8b 54
0x00007f7f418c91f3:   24 38 47 8b 4c 9a 10 45 85 c9 0f 84 3c 02 00 00
0x00007f7f418c9203:   45 8b 51 08 49 c1 e2 03 4d 8b 92 d0 01 00 00 49
0x00007f7f418c9213:   b8 40 06 80 3b 7f 7f 00 00 4d 3b d0 0f 85 28 02 

Register to memory mapping:

RAX=0x0000000032959e47 is an unknown value
RBX={method} {0x00007f7f3899b690} 'hashCode' '()I' in 'org/jboss/jandex/Type'
RCX=0x00000000f8000c48 is an oop
[Lorg.jboss.jandex.AnnotationInstance; 
 - klass: 'org/jboss/jandex/AnnotationInstance'[]
 - length: 0
RDX=0x00000000ff7d6f10 is an oop
org.jboss.jandex.ClassType 
 - klass: 'org/jboss/jandex/ClassType'
RSP=0x00007f7f2affef50 is pointing into the stack for thread: 0x00007f7edc001000
RBP=0x00000000201e2a99 is an unknown value
RSI=0x00000000ff7d6f10 is an oop
org.jboss.jandex.ClassType 
 - klass: 'org/jboss/jandex/ClassType'
RDI=0x0000000000000000 is an unknown value
R8 =0x0000000022a9fcb9 is an unknown value
R9 =0x000000000000000d is an unknown value
R10=0x00000000ff7d6ef8 is an oop
[Lorg.jboss.jandex.Type; 
 - klass: 'org/jboss/jandex/Type'[]
 - length: 134217729
R11=0x0000000000000002 is an unknown value
R12=0x0000000000000000 is an unknown value
R13=0x00000000fd8d64b0 is an oop
[Ljava.lang.Object; 
 - klass: 'java/lang/Object'[]
 - length: 10
R14=0x00000000f8000c48 is an oop
[Lorg.jboss.jandex.AnnotationInstance; 
 - klass: 'org/jboss/jandex/AnnotationInstance'[]
 - length: 0
R15=0x00007f7edc001000 is a thread


Stack: [0x00007f7f2af00000,0x00007f7f2b001000],  sp=0x00007f7f2affef50,  free space=1019k
Native frames: (J=compiled Java code, j=interpreted, Vv=VM code, C=native code)
J 2933 C2 org.jboss.jandex.StrongInternPool.resize(I)V (121 bytes) @ 0x00007f7f418c9203 [0x00007f7f418c8fa0+0x263]
J 2699 C2 org.jboss.jandex.StrongInternPool.intern(Ljava/lang/Object;)Ljava/lang/Object; (134 bytes) @ 0x00007f7f4182c810 [0x00007f7f4182c0e0+0x730]
J 2879 C1 org.jboss.jandex.Indexer.processMethodInfo(Ljava/io/DataInputStream;)V (188 bytes) @ 0x00007f7f4188b10c [0x00007f7f4188a860+0x8ac]
J 2882 C1 org.jboss.jandex.Indexer.index(Ljava/io/InputStream;)Lorg/jboss/jandex/ClassInfo; (260 bytes) @ 0x00007f7f41894c7c [0x00007f7f41894360+0x91c]
j  org.jboss.as.server.deployment.annotation.ResourceRootIndexer.indexResourceRoot(Lorg/jboss/as/server/deployment/module/ResourceRoot;)V+249
j  org.jboss.as.server.deployment.annotation.AnnotationIndexProcessor.deploy(Lorg/jboss/as/server/deployment/DeploymentPhaseContext;)V+39
j  org.jboss.as.server.deployment.DeploymentUnitPhaseService.start(Lorg/jboss/msc/service/StartContext;)V+398
j  org.jboss.msc.service.ServiceControllerImpl$StartTask.startService(Lorg/jboss/msc/service/Service;Lorg/jboss/msc/service/StartContext;)V+13
j  org.jboss.msc.service.ServiceControllerImpl$StartTask.run()V+95
j  java.util.concurrent.ThreadPoolExecutor.runWorker(Ljava/util/concurrent/ThreadPoolExecutor$Worker;)V+95
j  java.util.concurrent.ThreadPoolExecutor$Worker.run()V+5
j  java.lang.Thread.run()V+11
v  ~StubRoutines::call_stub
V  [libjvm.so+0x68f6b6]  JavaCalls::call_helper(JavaValue*, methodHandle*, JavaCallArguments*, Thread*)+0x1056
V  [libjvm.so+0x68fbc1]  JavaCalls::call_virtual(JavaValue*, KlassHandle, Symbol*, Symbol*, JavaCallArguments*, Thread*)+0x321
V  [libjvm.so+0x690067]  JavaCalls::call_virtual(JavaValue*, Handle, KlassHandle, Symbol*, Symbol*, Thread*)+0x47
V  [libjvm.so+0x726fc0]  thread_entry(JavaThread*, Thread*)+0xa0
V  [libjvm.so+0xa7343f]  JavaThread::thread_main_inner()+0xdf
V  [libjvm.so+0xa7356c]  JavaThread::run()+0x11c
V  [libjvm.so+0x924698]  java_start(Thread*)+0x108
C  [libpthread.so.0+0x76fa]  start_thread+0xca


---------------  P R O C E S S  ---------------

Java Threads: ( => current thread )
  0x00007f7ecc0ed800 JavaThread "ServerService Thread Pool -- 21" [_thread_blocked, id=6793, stack(0x00007f7ec35f8000,0x00007f7ec36f9000)]
  0x00007f7ee0073800 JavaThread "Transaction Reaper Worker 0" daemon [_thread_blocked, id=6792, stack(0x00007f7ec38f9000,0x00007f7ec39fa000)]
  0x00007f7ee0073000 JavaThread "Transaction Reaper" daemon [_thread_blocked, id=6791, stack(0x00007f7ec39fa000,0x00007f7ec3afb000)]
  0x00007f7ee0055000 JavaThread "Periodic Recovery" [_thread_blocked, id=6790, stack(0x00007f7ec3afb000,0x00007f7ec3bfc000)]
  0x00007f7ee0053800 JavaThread "Transaction Expired Entry Monitor" daemon [_thread_blocked, id=6789, stack(0x00007f7ec3bfc000,0x00007f7ec3cfd000)]
  0x00007f7ed444e000 JavaThread "default Accept" [_thread_in_native, id=6788, stack(0x00007f7ec3cfd000,0x00007f7ec3dfe000)]
  0x00007f7ed444c000 JavaThread "default I/O-8" [_thread_in_native, id=6787, stack(0x00007f7ec3dfe000,0x00007f7ec3eff000)]
  0x00007f7ed444a000 JavaThread "default I/O-7" [_thread_in_native, id=6786, stack(0x00007f7ec3eff000,0x00007f7ec4000000)]
  0x00007f7ed4448000 JavaThread "default I/O-6" [_thread_in_native, id=6785, stack(0x00007f7f28082000,0x00007f7f28183000)]
  0x00007f7ed4446000 JavaThread "default I/O-5" [_thread_in_native, id=6784, stack(0x00007f7f28183000,0x00007f7f28284000)]
  0x00007f7ed4444000 JavaThread "default I/O-4" [_thread_in_native, id=6783, stack(0x00007f7f28284000,0x00007f7f28385000)]
  0x00007f7ed4442000 JavaThread "default I/O-3" [_thread_in_native, id=6782, stack(0x00007f7f28385000,0x00007f7f28486000)]
  0x00007f7ed4440800 JavaThread "default I/O-2" [_thread_in_native, id=6781, stack(0x00007f7f28486000,0x00007f7f28587000)]
  0x00007f7ed4359800 JavaThread "default I/O-1" [_thread_in_native, id=6780, stack(0x00007f7f28587000,0x00007f7f28688000)]
  0x00007f7ed431d800 JavaThread "Abandoned connection cleanup thread" daemon [_thread_blocked, id=6779, stack(0x00007f7f28a88000,0x00007f7f28b89000)]
  0x00007f7ed8057000 JavaThread "ConnectionValidator" daemon [_thread_blocked, id=6778, stack(0x00007f7f28b89000,0x00007f7f28c8a000)]
  0x00007f7ee0015000 JavaThread "IdleRemover" daemon [_thread_blocked, id=6777, stack(0x00007f7f28c8a000,0x00007f7f28d8b000)]
  0x00007f7ed8050800 JavaThread "Timer-0" [_thread_blocked, id=6776, stack(0x00007f7f28f8b000,0x00007f7f2908c000)]
  0x00007f7ecc057000 JavaThread "ServerService Thread Pool -- 20" [_thread_blocked, id=6775, stack(0x00007f7f2908c000,0x00007f7f2918d000)]
  0x00007f7ecc055800 JavaThread "ServerService Thread Pool -- 19" [_thread_blocked, id=6774, stack(0x00007f7f2918d000,0x00007f7f2928e000)]
  0x00007f7ecc054000 JavaThread "ServerService Thread Pool -- 18" [_thread_blocked, id=6773, stack(0x00007f7f2928e000,0x00007f7f2938f000)]
  0x00007f7ecc052800 JavaThread "ServerService Thread Pool -- 17" [_thread_blocked, id=6772, stack(0x00007f7f2938f000,0x00007f7f29490000)]
  0x00007f7ecc051000 JavaThread "ServerService Thread Pool -- 16" [_thread_blocked, id=6771, stack(0x00007f7f29490000,0x00007f7f29591000)]
  0x00007f7ecc0b5800 JavaThread "ServerService Thread Pool -- 15" [_thread_blocked, id=6770, stack(0x00007f7f29591000,0x00007f7f29692000)]
  0x00007f7ecc0b3800 JavaThread "ServerService Thread Pool -- 14" [_thread_blocked, id=6769, stack(0x00007f7f297bd000,0x00007f7f298be000)]
  0x00007f7ecc0b1800 JavaThread "ServerService Thread Pool -- 13" [_thread_blocked, id=6768, stack(0x00007f7f298be000,0x00007f7f299bf000)]
  0x00007f7ecc0b0000 JavaThread "ServerService Thread Pool -- 12" [_thread_blocked, id=6767, stack(0x00007f7f299bf000,0x00007f7f29ac0000)]
  0x00007f7ecc096800 JavaThread "ServerService Thread Pool -- 11" [_thread_blocked, id=6766, stack(0x00007f7f29692000,0x00007f7f29793000)]
  0x00007f7ecc094000 JavaThread "ServerService Thread Pool -- 10" [_thread_blocked, id=6765, stack(0x00007f7f2a45b000,0x00007f7f2a55c000)]
  0x00007f7ecc093000 JavaThread "ServerService Thread Pool -- 9" [_thread_blocked, id=6764, stack(0x00007f7f2a55c000,0x00007f7f2a65d000)]
  0x00007f7ecc088000 JavaThread "ServerService Thread Pool -- 8" [_thread_blocked, id=6763, stack(0x00007f7f29cc0000,0x00007f7f29dc1000)]
  0x00007f7ecc086800 JavaThread "ServerService Thread Pool -- 7" [_thread_blocked, id=6762, stack(0x00007f7f29dc1000,0x00007f7f29ec2000)]
  0x00007f7ecc084800 JavaThread "ServerService Thread Pool -- 6" [_thread_blocked, id=6761, stack(0x00007f7f29ec2000,0x00007f7f29fc3000)]
  0x00007f7ecc083000 JavaThread "ServerService Thread Pool -- 5" [_thread_blocked, id=6760, stack(0x00007f7f29fc3000,0x00007f7f2a0c4000)]
  0x00007f7ecc07f800 JavaThread "ServerService Thread Pool -- 4" [_thread_blocked, id=6759, stack(0x00007f7f2a0c4000,0x00007f7f2a1c5000)]
  0x00007f7ecc081000 JavaThread "ServerService Thread Pool -- 3" [_thread_blocked, id=6758, stack(0x00007f7f2a1c5000,0x00007f7f2a2c6000)]
  0x00007f7ecc07b000 JavaThread "ServerService Thread Pool -- 2" [_thread_blocked, id=6757, stack(0x00007f7f2a2c6000,0x00007f7f2a3c7000)]
  0x00007f7ee4018000 JavaThread "ServerService Thread Pool -- 1" [_thread_blocked, id=6756, stack(0x00007f7f2acfe000,0x00007f7f2adff000)]
  0x00007f7edc003000 JavaThread "MSC service thread 1-8" [_thread_blocked, id=6754, stack(0x00007f7f2adff000,0x00007f7f2af00000)]
=>0x00007f7edc001000 JavaThread "MSC service thread 1-7" [_thread_in_Java, id=6753, stack(0x00007f7f2af00000,0x00007f7f2b001000)]
  0x00007f7eec001800 JavaThread "MSC service thread 1-6" [_thread_blocked, id=6752, stack(0x00007f7f2b001000,0x00007f7f2b102000)]
  0x00007f7ee8001000 JavaThread "MSC service thread 1-5" [_thread_blocked, id=6751, stack(0x00007f7f2b102000,0x00007f7f2b203000)]
  0x00007f7ee4002000 JavaThread "MSC service thread 1-4" [_thread_blocked, id=6750, stack(0x00007f7f2b203000,0x00007f7f2b304000)]
  0x00007f7ef0001800 JavaThread "MSC service thread 1-2" [_thread_blocked, id=6749, stack(0x00007f7f38167000,0x00007f7f38268000)]
  0x00007f7f50937800 JavaThread "MSC service thread 1-3" [_thread_blocked, id=6748, stack(0x00007f7f38066000,0x00007f7f38167000)]
  0x00007f7f50936000 JavaThread "MSC service thread 1-1" [_thread_blocked, id=6747, stack(0x00007f7f2beff000,0x00007f7f2c000000)]
  0x00007f7f51145000 JavaThread "ForkJoinPool.commonPool-worker-2" daemon [_thread_blocked, id=6742, stack(0x00007f7f3857a000,0x00007f7f3867b000)]
  0x00007f7f502ea800 JavaThread "Reference Reaper" daemon [_thread_blocked, id=6740, stack(0x00007f7f38f00000,0x00007f7f39001000)]
  0x00007f7f5018f800 JavaThread "Service Thread" daemon [_thread_blocked, id=6738, stack(0x00007f7f3982b000,0x00007f7f3992c000)]
  0x00007f7f50184000 JavaThread "C1 CompilerThread2" daemon [_thread_blocked, id=6737, stack(0x00007f7f3992c000,0x00007f7f39a2d000)]
  0x00007f7f50182800 JavaThread "C2 CompilerThread1" daemon [_thread_in_native, id=6736, stack(0x00007f7f39a2d000,0x00007f7f39b2e000)]
  0x00007f7f5017f800 JavaThread "C2 CompilerThread0" daemon [_thread_in_native, id=6735, stack(0x00007f7f39b2e000,0x00007f7f39c2f000)]
  0x00007f7f5017e000 JavaThread "Signal Dispatcher" daemon [_thread_blocked, id=6734, stack(0x00007f7f39c2f000,0x00007f7f39d30000)]
  0x00007f7f5014b000 JavaThread "Finalizer" daemon [_thread_blocked, id=6733, stack(0x00007f7f3a6ef000,0x00007f7f3a7f0000)]
  0x00007f7f50146000 JavaThread "Reference Handler" daemon [_thread_blocked, id=6732, stack(0x00007f7f3a7f0000,0x00007f7f3a8f1000)]
  0x00007f7f50009800 JavaThread "main" [_thread_blocked, id=6726, stack(0x00007f7f56f56000,0x00007f7f57057000)]

Other Threads:
  0x00007f7f5013e800 VMThread [stack: 0x00007f7f3a8f1000,0x00007f7f3a9f2000] [id=6731]
  0x00007f7f50192000 WatcherThread [stack: 0x00007f7f3972a000,0x00007f7f3982b000] [id=6739]

VM state:not at safepoint (normal execution)

VM Mutex/Monitor currently owned by a thread: None

Heap:
 PSYoungGen      total 34816K, used 8799K [0x00000000fd580000, 0x00000000fff80000, 0x0000000100000000)
  eden space 26624K, 13% used [0x00000000fd580000,0x00000000fd923a90,0x00000000fef80000)
  from space 8192K, 61% used [0x00000000ff780000,0x00000000ffc74338,0x00000000fff80000)
  to   space 8192K, 0% used [0x00000000fef80000,0x00000000fef80000,0x00000000ff780000)
 ParOldGen       total 87552K, used 79641K [0x00000000f8000000, 0x00000000fd580000, 0x00000000fd580000)
  object space 87552K, 90% used [0x00000000f8000000,0x00000000fcdc65f0,0x00000000fd580000)
 Metaspace       used 41949K, capacity 46034K, committed 46208K, reserved 1089536K
  class space    used 5381K, capacity 6521K, committed 6528K, reserved 1048576K

Card table byte_map: [0x00007f7f56f15000,0x00007f7f56f56000] byte_map_base: 0x00007f7f56755000

Marking Bits: (ParMarkBitMap*) 0x00007f7f5642d120
 Begin Bits: [0x00007f7f4043c000, 0x00007f7f4063c000)
 End Bits:   [0x00007f7f4063c000, 0x00007f7f4083c000)

Polling page: 0x00007f7f5707c000

CodeCache: size=245760Kb used=10956Kb max_used=12602Kb free=234803Kb
 bounds [0x00007f7f41000000, 0x00007f7f41c60000, 0x00007f7f50000000]
 total_blobs=4135 nmethods=3627 adapters=421
 compilation: enabled

Compilation events (10 events):
Event: 10,032 Thread 0x00007f7f50184000 4192       2       org.jboss.jandex.AnnotationInstance::equals (74 bytes)
Event: 10,032 Thread 0x00007f7f50184000 nmethod 4192 0x00007f7f4118ec50 code [0x00007f7f4118ede0, 0x00007f7f4118f058]
Event: 10,207 Thread 0x00007f7f5017f800 nmethod 4169 0x00007f7f41a5e350 code [0x00007f7f41a5f640, 0x00007f7f41a68a78]
Event: 10,207 Thread 0x00007f7f5017f800 4179       4       org.jboss.jandex.Indexer::decodeUtf8Entry (114 bytes)
Event: 10,216 Thread 0x00007f7f5017f800 nmethod 4179 0x00007f7f41130190 code [0x00007f7f411303a0, 0x00007f7f41130f18]
Event: 10,216 Thread 0x00007f7f5017f800 4178       4       java.lang.String::<init> (38 bytes)
Event: 10,233 Thread 0x00007f7f5017f800 nmethod 4178 0x00007f7f417f1190 code [0x00007f7f417f1340, 0x00007f7f417f1aa8]
Event: 10,233 Thread 0x00007f7f5017f800 4177   !   4       java.lang.StringCoding::decode (216 bytes)
Event: 10,238 Thread 0x00007f7f5017f800 nmethod 4177 0x00007f7f4133dad0 code [0x00007f7f4133dc80, 0x00007f7f4133e248]
Event: 10,238 Thread 0x00007f7f5017f800 4195       4       org.jboss.jandex.ClassInfo::setMethods (97 bytes)

GC Heap History (10 events):
Event: 9,961 GC heap before
{Heap before GC invocations=34 (full 2):
 PSYoungGen      total 32256K, used 25527K [0x00000000fd580000, 0x00000000fff00000, 0x0000000100000000)
  eden space 22016K, 100% used [0x00000000fd580000,0x00000000feb00000,0x00000000feb00000)
  from space 10240K, 34% used [0x00000000feb00000,0x00000000fee6dce8,0x00000000ff500000)
  to   space 9728K, 0% used [0x00000000ff580000,0x00000000ff580000,0x00000000fff00000)
 ParOldGen       total 87552K, used 73877K [0x00000000f8000000, 0x00000000fd580000, 0x00000000fd580000)
  object space 87552K, 84% used [0x00000000f8000000,0x00000000fc825478,0x00000000fd580000)
 Metaspace       used 41946K, capacity 46034K, committed 46208K, reserved 1089536K
  class space    used 5380K, capacity 6521K, committed 6528K, reserved 1048576K
Event: 9,965 GC heap after
Heap after GC invocations=34 (full 2):
 PSYoungGen      total 32768K, used 3787K [0x00000000fd580000, 0x00000000ffe80000, 0x0000000100000000)
  eden space 23552K, 0% used [0x00000000fd580000,0x00000000fd580000,0x00000000fec80000)
  from space 9216K, 41% used [0x00000000ff580000,0x00000000ff932fb0,0x00000000ffe80000)
  to   space 9216K, 0% used [0x00000000fec80000,0x00000000fec80000,0x00000000ff580000)
 ParOldGen       total 87552K, used 74573K [0x00000000f8000000, 0x00000000fd580000, 0x00000000fd580000)
  object space 87552K, 85% used [0x00000000f8000000,0x00000000fc8d34a8,0x00000000fd580000)
 Metaspace       used 41946K, capacity 46034K, committed 46208K, reserved 1089536K
  class space    used 5380K, capacity 6521K, committed 6528K, reserved 1048576K
}
Event: 10,022 GC heap before
{Heap before GC invocations=35 (full 2):
 PSYoungGen      total 32768K, used 27339K [0x00000000fd580000, 0x00000000ffe80000, 0x0000000100000000)
  eden space 23552K, 100% used [0x00000000fd580000,0x00000000fec80000,0x00000000fec80000)
  from space 9216K, 41% used [0x00000000ff580000,0x00000000ff932fb0,0x00000000ffe80000)
  to   space 9216K, 0% used [0x00000000fec80000,0x00000000fec80000,0x00000000ff580000)
 ParOldGen       total 87552K, used 74573K [0x00000000f8000000, 0x00000000fd580000, 0x00000000fd580000)
  object space 87552K, 85% used [0x00000000f8000000,0x00000000fc8d34a8,0x00000000fd580000)
 Metaspace       used 41946K, capacity 46034K, committed 46208K, reserved 1089536K
  class space    used 5380K, capacity 6521K, committed 6528K, reserved 1048576K
Event: 10,029 GC heap after
Heap after GC invocations=35 (full 2):
 PSYoungGen      total 32768K, used 4904K [0x00000000fd580000, 0x0000000100000000, 0x0000000100000000)
  eden space 23552K, 0% used [0x00000000fd580000,0x00000000fd580000,0x00000000fec80000)
  from space 9216K, 53% used [0x00000000fec80000,0x00000000ff14a380,0x00000000ff580000)
  to   space 9216K, 0% used [0x00000000ff700000,0x00000000ff700000,0x0000000100000000)
 ParOldGen       total 87552K, used 75474K [0x00000000f8000000, 0x00000000fd580000, 0x00000000fd580000)
  object space 87552K, 86% used [0x00000000f8000000,0x00000000fc9b4b48,0x00000000fd580000)
 Metaspace       used 41946K, capacity 46034K, committed 46208K, reserved 1089536K
  class space    used 5380K, capacity 6521K, committed 6528K, reserved 1048576K
}
Event: 10,074 GC heap before
{Heap before GC invocations=36 (full 2):
 PSYoungGen      total 32768K, used 28456K [0x00000000fd580000, 0x0000000100000000, 0x0000000100000000)
  eden space 23552K, 100% used [0x00000000fd580000,0x00000000fec80000,0x00000000fec80000)
  from space 9216K, 53% used [0x00000000fec80000,0x00000000ff14a380,0x00000000ff580000)
  to   space 9216K, 0% used [0x00000000ff700000,0x00000000ff700000,0x0000000100000000)
 ParOldGen       total 87552K, used 75474K [0x00000000f8000000, 0x00000000fd580000, 0x00000000fd580000)
  object space 87552K, 86% used [0x00000000f8000000,0x00000000fc9b4b48,0x00000000fd580000)
 Metaspace       used 41947K, capacity 46034K, committed 46208K, reserved 1089536K
  class space    used 5380K, capacity 6521K, committed 6528K, reserved 1048576K
Event: 10,084 GC heap after
Heap after GC invocations=36 (full 2):
 PSYoungGen      total 33280K, used 3768K [0x00000000fd580000, 0x00000000fff00000, 0x0000000100000000)
  eden space 25088K, 0% used [0x00000000fd580000,0x00000000fd580000,0x00000000fee00000)
  from space 8192K, 45% used [0x00000000ff700000,0x00000000ffaae030,0x00000000fff00000)
  to   space 8704K, 0% used [0x00000000fee00000,0x00000000fee00000,0x00000000ff680000)
 ParOldGen       total 87552K, used 76642K [0x00000000f8000000, 0x00000000fd580000, 0x00000000fd580000)
  object space 87552K, 87% used [0x00000000f8000000,0x00000000fcad8b58,0x00000000fd580000)
 Metaspace       used 41947K, capacity 46034K, committed 46208K, reserved 1089536K
  class space    used 5380K, capacity 6521K, committed 6528K, reserved 1048576K
}
Event: 10,138 GC heap before
{Heap before GC invocations=37 (full 2):
 PSYoungGen      total 33280K, used 28856K [0x00000000fd580000, 0x00000000fff00000, 0x0000000100000000)
  eden space 25088K, 100% used [0x00000000fd580000,0x00000000fee00000,0x00000000fee00000)
  from space 8192K, 45% used [0x00000000ff700000,0x00000000ffaae030,0x00000000fff00000)
  to   space 8704K, 0% used [0x00000000fee00000,0x00000000fee00000,0x00000000ff680000)
 ParOldGen       total 87552K, used 76642K [0x00000000f8000000, 0x00000000fd580000, 0x00000000fd580000)
  object space 87552K, 87% used [0x00000000f8000000,0x00000000fcad8b58,0x00000000fd580000)
 Metaspace       used 41947K, capacity 46034K, committed 46208K, reserved 1089536K
  class space    used 5380K, capacity 6521K, committed 6528K, reserved 1048576K
Event: 10,158 GC heap after
Heap after GC invocations=37 (full 2):
 PSYoungGen      total 33792K, used 4537K [0x00000000fd580000, 0x00000000fff80000, 0x0000000100000000)
  eden space 25088K, 0% used [0x00000000fd580000,0x00000000fd580000,0x00000000fee00000)
  from space 8704K, 52% used [0x00000000fee00000,0x00000000ff26e478,0x00000000ff680000)
  to   space 8192K, 0% used [0x00000000ff780000,0x00000000ff780000,0x00000000fff80000)
 ParOldGen       total 87552K, used 77886K [0x00000000f8000000, 0x00000000fd580000, 0x00000000fd580000)
  object space 87552K, 88% used [0x00000000f8000000,0x00000000fcc0f8f0,0x00000000fd580000)
 Metaspace       used 41947K, capacity 46034K, committed 46208K, reserved 1089536K
  class space    used 5380K, capacity 6521K, committed 6528K, reserved 1048576K
}
Event: 10,219 GC heap before
{Heap before GC invocations=38 (full 2):
 PSYoungGen      total 33792K, used 29625K [0x00000000fd580000, 0x00000000fff80000, 0x0000000100000000)
  eden space 25088K, 100% used [0x00000000fd580000,0x00000000fee00000,0x00000000fee00000)
  from space 8704K, 52% used [0x00000000fee00000,0x00000000ff26e478,0x00000000ff680000)
  to   space 8192K, 0% used [0x00000000ff780000,0x00000000ff780000,0x00000000fff80000)
 ParOldGen       total 87552K, used 77886K [0x00000000f8000000, 0x00000000fd580000, 0x00000000fd580000)
  object space 87552K, 88% used [0x00000000f8000000,0x00000000fcc0f8f0,0x00000000fd580000)
 Metaspace       used 41947K, capacity 46034K, committed 46208K, reserved 1089536K
  class space    used 5380K, capacity 6521K, committed 6528K, reserved 1048576K
Event: 10,233 GC heap after
Heap after GC invocations=38 (full 2):
 PSYoungGen      total 34816K, used 5072K [0x00000000fd580000, 0x00000000fff80000, 0x0000000100000000)
  eden space 26624K, 0% used [0x00000000fd580000,0x00000000fd580000,0x00000000fef80000)
  from space 8192K, 61% used [0x00000000ff780000,0x00000000ffc74338,0x00000000fff80000)
  to   space 8192K, 0% used [0x00000000fef80000,0x00000000fef80000,0x00000000ff780000)
 ParOldGen       total 87552K, used 79641K [0x00000000f8000000, 0x00000000fd580000, 0x00000000fd580000)
  object space 87552K, 90% used [0x00000000f8000000,0x00000000fcdc65f0,0x00000000fd580000)
 Metaspace       used 41947K, capacity 46034K, committed 46208K, reserved 1089536K
  class space    used 5380K, capacity 6521K, committed 6528K, reserved 1048576K
}

Deoptimization events (10 events):
Event: 9,697 Thread 0x00007f7edc001000 Uncommon trap: reason=array_check action=maybe_recompile pc=0x00007f7f41119044 method=java.util.TimSort.binarySort([Ljava/lang/Object;IIILjava/util/Comparator;)V @ 193
Event: 9,697 Thread 0x00007f7edc001000 Uncommon trap: reason=array_check action=maybe_recompile pc=0x00007f7f41119044 method=java.util.TimSort.binarySort([Ljava/lang/Object;IIILjava/util/Comparator;)V @ 193
Event: 9,697 Thread 0x00007f7edc001000 Uncommon trap: reason=array_check action=maybe_recompile pc=0x00007f7f41119044 method=java.util.TimSort.binarySort([Ljava/lang/Object;IIILjava/util/Comparator;)V @ 193
Event: 9,705 Thread 0x00007f7edc001000 Uncommon trap: reason=array_check action=maybe_recompile pc=0x00007f7f411cd458 method=java.util.TimSort.binarySort([Ljava/lang/Object;IIILjava/util/Comparator;)V @ 183
Event: 9,705 Thread 0x00007f7edc001000 Uncommon trap: reason=array_check action=maybe_recompile pc=0x00007f7f411cd458 method=java.util.TimSort.binarySort([Ljava/lang/Object;IIILjava/util/Comparator;)V @ 183
Event: 9,757 Thread 0x00007f7edc001000 Uncommon trap: reason=unstable_if action=reinterpret pc=0x00007f7f413bd404 method=org.jboss.jandex.Indexer.parseType(Ljava/lang/String;Lorg/jboss/jandex/Indexer$IntegerHolder;)Lorg/jboss/jandex/Type; @ 146
Event: 9,806 Thread 0x00007f7edc001000 Uncommon trap: reason=unstable_if action=reinterpret pc=0x00007f7f414cfa74 method=java.lang.StringCoding.decode(Ljava/nio/charset/Charset;[BII)[C @ 24
Event: 9,806 Thread 0x00007f7edc001000 Uncommon trap: reason=unstable_if action=reinterpret pc=0x00007f7f4132a004 method=java.lang.StringCoding.decode(Ljava/nio/charset/Charset;[BII)[C @ 24
Event: 9,806 Thread 0x00007f7edc001000 Uncommon trap: reason=unstable_if action=reinterpret pc=0x00007f7f418fa160 method=java.lang.StringCoding.decode(Ljava/nio/charset/Charset;[BII)[C @ 24
Event: 10,237 Thread 0x00007f7edc001000 Uncommon trap: reason=unloaded action=reinterpret pc=0x00007f7f41bee664 method=java.util.zip.InflaterInputStream.read([BII)I @ 109

Internal exceptions (10 events):
Event: 3,408 Thread 0x00007f7ee4002000 Exception <a 'java/lang/LinkageError'> (0x00000000fd6acc18) thrown at [/HUDSON3/workspace/8-2-build-linux-amd64/jdk8u101/7261/hotspot/src/share/vm/classfile/systemDictionary.cpp, line 1538]
Event: 3,409 Thread 0x00007f7ee4002000 Exception <a 'java/lang/LinkageError': loader (instance of  org/jboss/modules/ModuleClassLoader): attempted  duplicate class definition for name: "org/jboss/threads/management/BoundedQueueThreadPoolExecutorMBean"> (0x00000000fd6ad2a8) thrown at [/HUDSON3/
Event: 3,409 Thread 0x00007f7ee4002000 Exception <a 'java/lang/LinkageError'> (0x00000000fd6ad2a8) thrown at [/HUDSON3/workspace/8-2-build-linux-amd64/jdk8u101/7261/hotspot/src/share/vm/classfile/systemDictionary.cpp, line 1538]
Event: 3,409 Thread 0x00007f7ee4002000 Exception <a 'java/lang/LinkageError': loader (instance of  org/jboss/modules/ModuleClassLoader): attempted  duplicate class definition for name: "org/jboss/threads/QueueExecutor"> (0x00000000fd6ad718) thrown at [/HUDSON3/workspace/8-2-build-linux-amd64/j
Event: 3,409 Thread 0x00007f7ee4002000 Exception <a 'java/lang/LinkageError'> (0x00000000fd6ad718) thrown at [/HUDSON3/workspace/8-2-build-linux-amd64/jdk8u101/7261/hotspot/src/share/vm/classfile/systemDictionary.cpp, line 1538]
Event: 3,426 Thread 0x00007f7eec001800 Exception <a 'java/io/FileNotFoundException'> (0x00000000fd84c528) thrown at [/HUDSON3/workspace/8-2-build-linux-amd64/jdk8u101/7261/hotspot/src/share/vm/prims/jni.cpp, line 709]
Event: 3,594 Thread 0x00007f7ed42b7800 Exception <a 'sun/nio/fs/UnixException'> (0x00000000fe14f808) thrown at [/HUDSON3/workspace/8-2-build-linux-amd64/jdk8u101/7261/hotspot/src/share/vm/prims/jni.cpp, line 709]
Event: 3,739 Thread 0x00007f7ed42b7800 Exception <a 'sun/nio/fs/UnixException'> (0x00000000fdc10ec0) thrown at [/HUDSON3/workspace/8-2-build-linux-amd64/jdk8u101/7261/hotspot/src/share/vm/prims/jni.cpp, line 709]
Event: 10,237 Thread 0x00007f7edc001000 Exception <a 'java/util/zip/DataFormatException': invalid distance too far back> (0x00000000fd75e6d0) thrown at [/HUDSON3/workspace/8-2-build-linux-amd64/jdk8u101/7261/hotspot/src/share/vm/prims/jni.cpp, line 735]
Event: 10,244 Thread 0x00007f7edc001000 Implicit null exception at 0x00007f7f418c9203 to 0x0000000000000000

Events (10 events):
Event: 10,085 Executing VM operation: ParallelGCFailedAllocation done
Event: 10,138 Executing VM operation: ParallelGCFailedAllocation
Event: 10,158 Executing VM operation: ParallelGCFailedAllocation done
Event: 10,219 Executing VM operation: ParallelGCFailedAllocation
Event: 10,233 Executing VM operation: ParallelGCFailedAllocation done
Event: 10,237 loading class java/util/zip/DataFormatException
Event: 10,237 loading class java/util/zip/DataFormatException done
Event: 10,237 Thread 0x00007f7edc001000 Uncommon trap: trap_request=0xffffffbd fr.pc=0x00007f7f41bee664
Event: 10,237 Thread 0x00007f7edc001000 DEOPT PACKING pc=0x00007f7f41bee664 sp=0x00007f7f2affef80
Event: 10,237 Thread 0x00007f7edc001000 DEOPT UNPACKING pc=0x00007f7f41005229 sp=0x00007f7f2affef78 mode 2


Dynamic libraries:
00400000-00401000 r-xp 00000000 08:21 1596807                            /usr/lib/jvm/java-8-oracle/jre/bin/java
00600000-00601000 rw-p 00000000 08:21 1596807                            /usr/lib/jvm/java-8-oracle/jre/bin/java
017d5000-01fe2000 rw-p 00000000 00:00 0                                  [heap]
f8000000-fd580000 rw-p 00000000 00:00 0 
fd580000-fff80000 rw-p 00000000 00:00 0 
fff80000-100000000 ---p 00000000 00:00 0 
100000000-100660000 rw-p 00000000 00:00 0 
100660000-140000000 ---p 00000000 00:00 0 
7f7ebc000000-7f7ebc0ba000 rw-p 00000000 00:00 0 
7f7ebc0ba000-7f7ec0000000 ---p 00000000 00:00 0 
7f7ec3398000-7f7ec339a000 r--s 00002000 08:21 657621                     /tmp/wildfly-self-contained238817298811862924.d/vfs/deployment/deploymentb185ba054aa2f00c/datasources-2016.8.jar-eead501898ba616e/datasources-2016.8.jar
7f7ec339a000-7f7ec33c3000 r--s 000cb000 08:21 657618                     /tmp/wildfly-self-contained238817298811862924.d/vfs/deployment/deploymentb185ba054aa2f00c/shrinkwrap-descriptors-api-javaee-2.0.0-alpha-9.jar-7091bf3cbd289c06/shrinkwrap-descriptors-api-javaee-2.0.0-alpha-9.jar
7f7ec33c3000-7f7ec33c6000 r--s 00009000 08:21 657615                     /tmp/wildfly-self-contained238817298811862924.d/vfs/deployment/deploymentb185ba054aa2f00c/config-api-runtime-0.4.4.jar-f9e6d3a8e78a5728/config-api-runtime-0.4.4.jar
7f7ec33c6000-7f7ec33c7000 r--s 00004000 08:21 657612                     /tmp/wildfly-self-contained238817298811862924.d/vfs/deployment/deploymentb185ba054aa2f00c/jboss-annotations-api_1.2_spec-1.0.0.Final.jar-fa0d1e6e78ecc36b/jboss-annotations-api_1.2_spec-1.0.0.Final.jar
7f7ec33c7000-7f7ec33c9000 r--s 00001000 08:21 657609                     /tmp/wildfly-self-contained238817298811862924.d/vfs/deployment/deploymentb185ba054aa2f00c/request-controller-2016.8.jar-e248fd9dbbf3dc69/request-controller-2016.8.jar
7f7ec33c9000-7f7ec33cb000 r--s 00001000 08:21 657606                     /tmp/wildfly-self-contained238817298811862924.d/vfs/deployment/deploymentb185ba054aa2f00c/demoiselle-rest-3.0.0-BETA1-SNAPSHOT.jar-37f98f3db8865c3d/demoiselle-rest-3.0.0-BETA1-SNAPSHOT.jar
7f7ec33cb000-7f7ec33cc000 r--s 00004000 08:21 657603                     /tmp/wildfly-self-contained238817298811862924.d/vfs/deployment/deploymentb185ba054aa2f00c/jboss-concurrency-api_1.0_spec-1.0.0.Final.jar-13f3473c2b5162c2/jboss-concurrency-api_1.0_spec-1.0.0.Final.jar
7f7ec33cc000-7f7ec33ce000 r--s 00000000 08:21 657600                     /tmp/wildfly-self-contained238817298811862924.d/vfs/deployment/deploymentb185ba054aa2f00c/shrinkwrap-spi-1.2.6.jar-48ac3ed35f1331a3/shrinkwrap-spi-1.2.6.jar
7f7ec33ce000-7f7ec33f0000 r--s 00120000 08:21 657597                     /tmp/wildfly-self-contained238817298811862924.d/vfs/deployment/deploymentb185ba054aa2f00c/javaee-web-api-7.0.jar-c6daa11d0e2ec28d/javaee-web-api-7.0.jar
7f7ec33f0000-7f7ec33f8000 r--s 00068000 08:21 657588                     /tmp/wildfly-self-contained238817298811862924.d/vfs/deployment/deploymentb185ba054aa2f00c/bootstrap-2016.8.jar-972fc8b90091c31a/bootstrap-2016.8.jar
7f7ec33f8000-7f7ec34b8000 rw-p 00000000 00:00 0 
7f7ec34b8000-7f7ec35f8000 ---p 00000000 00:00 0 
7f7ec35f8000-7f7ec35fb000 ---p 00000000 00:00 0 
7f7ec35fb000-7f7ec38f9000 rw-p 00000000 00:00 0 
7f7ec38f9000-7f7ec38fc000 ---p 00000000 00:00 0 
7f7ec38fc000-7f7ec39fa000 rw-p 00000000 00:00 0 
7f7ec39fa000-7f7ec39fd000 ---p 00000000 00:00 0 
7f7ec39fd000-7f7ec3afb000 rw-p 00000000 00:00 0 
7f7ec3afb000-7f7ec3afe000 ---p 00000000 00:00 0 
7f7ec3afe000-7f7ec3bfc000 rw-p 00000000 00:00 0 
7f7ec3bfc000-7f7ec3bff000 ---p 00000000 00:00 0 
7f7ec3bff000-7f7ec3cfd000 rw-p 00000000 00:00 0 
7f7ec3cfd000-7f7ec3d00000 ---p 00000000 00:00 0 
7f7ec3d00000-7f7ec3dfe000 rw-p 00000000 00:00 0 
7f7ec3dfe000-7f7ec3e01000 ---p 00000000 00:00 0 
7f7ec3e01000-7f7ec3eff000 rw-p 00000000 00:00 0 
7f7ec3eff000-7f7ec3f02000 ---p 00000000 00:00 0 
7f7ec3f02000-7f7ec4000000 rw-p 00000000 00:00 0 
7f7ec4000000-7f7ec414f000 rw-p 00000000 00:00 0 
7f7ec414f000-7f7ec8000000 ---p 00000000 00:00 0 
7f7ec8000000-7f7ec8140000 rw-p 00000000 00:00 0 
7f7ec8140000-7f7ecc000000 ---p 00000000 00:00 0 
7f7ecc000000-7f7ecc13a000 rw-p 00000000 00:00 0 
7f7ecc13a000-7f7ed0000000 ---p 00000000 00:00 0 
7f7ed0000000-7f7ed0021000 rw-p 00000000 00:00 0 
7f7ed0021000-7f7ed4000000 ---p 00000000 00:00 0 
7f7ed4000000-7f7ed4706000 rw-p 00000000 00:00 0 
7f7ed4706000-7f7ed8000000 ---p 00000000 00:00 0 
7f7ed8000000-7f7ed80f1000 rw-p 00000000 00:00 0 
7f7ed80f1000-7f7edc000000 ---p 00000000 00:00 0 
7f7edc000000-7f7edc050000 rw-p 00000000 00:00 0 
7f7edc050000-7f7ee0000000 ---p 00000000 00:00 0 
7f7ee0000000-7f7ee0082000 rw-p 00000000 00:00 0 
7f7ee0082000-7f7ee4000000 ---p 00000000 00:00 0 
7f7ee4000000-7f7ee4063000 rw-p 00000000 00:00 0 
7f7ee4063000-7f7ee8000000 ---p 00000000 00:00 0 
7f7ee8000000-7f7ee807f000 rw-p 00000000 00:00 0 
7f7ee807f000-7f7eec000000 ---p 00000000 00:00 0 
7f7eec000000-7f7eec133000 rw-p 00000000 00:00 0 
7f7eec133000-7f7ef0000000 ---p 00000000 00:00 0 
7f7ef0000000-7f7ef0036000 rw-p 00000000 00:00 0 
7f7ef0036000-7f7ef4000000 ---p 00000000 00:00 0 
7f7ef4000000-7f7ef414b000 rw-p 00000000 00:00 0 
7f7ef414b000-7f7ef8000000 ---p 00000000 00:00 0 
7f7ef8000000-7f7ef81c0000 rw-p 00000000 00:00 0 
7f7ef81c0000-7f7efc000000 ---p 00000000 00:00 0 
7f7efc000000-7f7efc021000 rw-p 00000000 00:00 0 
7f7efc021000-7f7f00000000 ---p 00000000 00:00 0 
7f7f00000000-7f7f00158000 rw-p 00000000 00:00 0 
7f7f00158000-7f7f04000000 ---p 00000000 00:00 0 
7f7f04000000-7f7f04021000 rw-p 00000000 00:00 0 
7f7f04021000-7f7f08000000 ---p 00000000 00:00 0 
7f7f08000000-7f7f08021000 rw-p 00000000 00:00 0 
7f7f08021000-7f7f0c000000 ---p 00000000 00:00 0 
7f7f0c000000-7f7f0dd8f000 rw-p 00000000 00:00 0 
7f7f0dd8f000-7f7f10000000 ---p 00000000 00:00 0 
7f7f10000000-7f7f10bba000 rw-p 00000000 00:00 0 
7f7f10bba000-7f7f14000000 ---p 00000000 00:00 0 
7f7f14000000-7f7f14021000 rw-p 00000000 00:00 0 
7f7f14021000-7f7f18000000 ---p 00000000 00:00 0 
7f7f18000000-7f7f19e0c000 rw-p 00000000 00:00 0 
7f7f19e0c000-7f7f1c000000 ---p 00000000 00:00 0 
7f7f1c000000-7f7f1c021000 rw-p 00000000 00:00 0 
7f7f1c021000-7f7f20000000 ---p 00000000 00:00 0 
7f7f20000000-7f7f20021000 rw-p 00000000 00:00 0 
7f7f20021000-7f7f24000000 ---p 00000000 00:00 0 
7f7f24000000-7f7f24021000 rw-p 00000000 00:00 0 
7f7f24021000-7f7f28000000 ---p 00000000 00:00 0 
7f7f28000000-7f7f28002000 r--s 00001000 08:21 657594                     /tmp/wildfly-self-contained238817298811862924.d/vfs/deployment/deploymentb185ba054aa2f00c/mysql-2016.8.jar-d73353d2811e3729/mysql-2016.8.jar
7f7f28002000-7f7f28005000 r--s 0000f000 08:21 657591                     /tmp/wildfly-self-contained238817298811862924.d/vfs/deployment/deploymentb185ba054aa2f00c/jboss-connector-api_1.7_spec-1.0.0.Final.jar-9a2af45bff6ac2ad/jboss-connector-api_1.7_spec-1.0.0.Final.jar
7f7f28005000-7f7f28007000 r--s 00001000 08:21 657585                     /tmp/wildfly-self-contained238817298811862924.d/vfs/deployment/deploymentb185ba054aa2f00c/security-2016.8.jar-a5c628ff82a1dc8a/security-2016.8.jar
7f7f28007000-7f7f2800c000 r--s 00037000 08:21 657582                     /tmp/wildfly-self-contained238817298811862924.d/vfs/deployment/deploymentb185ba054aa2f00c/asm-all-5.0.4.jar-cb7779555cf31b19/asm-all-5.0.4.jar
7f7f2800c000-7f7f2800e000 r--s 0000a000 08:21 657579                     /tmp/wildfly-self-contained238817298811862924.d/vfs/deployment/deploymentb185ba054aa2f00c/undertow-2016.8.jar-1a5edda9ab22f84c/undertow-2016.8.jar
7f7f2800e000-7f7f28010000 r--s 00003000 08:21 657576                     /tmp/wildfly-self-contained238817298811862924.d/vfs/deployment/deploymentb185ba054aa2f00c/jcl-over-slf4j-1.7.7.jbossorg-1.jar-5eceafa3a2f2af01/jcl-over-slf4j-1.7.7.jbossorg-1.jar
7f7f28010000-7f7f28012000 r--s 00005000 08:21 657570                     /tmp/wildfly-self-contained238817298811862924.d/vfs/deployment/deploymentb185ba054aa2f00c/demoiselle-core-3.0.0-BETA1-SNAPSHOT.jar-20ebbbd2349e9dff/demoiselle-core-3.0.0-BETA1-SNAPSHOT.jar
7f7f28012000-7f7f28016000 r--s 00006000 08:21 657567                     /tmp/wildfly-self-contained238817298811862924.d/vfs/deployment/deploymentb185ba054aa2f00c/transactions-2016.8.jar-38c5995ca60d5304/transactions-2016.8.jar
7f7f28016000-7f7f28018000 r--s 00009000 08:21 657564                     /tmp/wildfly-self-contained238817298811862924.d/vfs/deployment/deploymentb185ba054aa2f00c/spi-1.0.11.Final.jar-4926638b8e2361ec/spi-1.0.11.Final.jar
7f7f28018000-7f7f2801c000 r--s 00005000 08:21 657561                     /tmp/wildfly-self-contained238817298811862924.d/vfs/deployment/deploymentb185ba054aa2f00c/ee-2016.8.jar-1619c5323e102da8/ee-2016.8.jar
7f7f2801c000-7f7f28020000 r--s 0000d000 08:21 657558                     /tmp/wildfly-self-contained238817298811862924.d/vfs/deployment/deploymentb185ba054aa2f00c/shrinkwrap-api-1.2.6.jar-6f0348a6440bcef/shrinkwrap-api-1.2.6.jar
7f7f28020000-7f7f2802d000 r--s 00017000 08:21 657555                     /tmp/wildfly-self-contained238817298811862924.d/vfs/deployment/deploymentb185ba054aa2f00c/connector-2016.8.jar-c93f42bf06eac3c2/connector-2016.8.jar
7f7f2802d000-7f7f28033000 r--s 0003d000 08:21 657552                     /tmp/wildfly-self-contained238817298811862924.d/vfs/deployment/deploymentb185ba054aa2f00c/snakeyaml-1.17.jar-85ba065c0faf4552/snakeyaml-1.17.jar
7f7f28033000-7f7f2803c000 r--s 00073000 08:21 657543                     /tmp/wildfly-self-contained238817298811862924.d/vfs/deployment/deploymentb185ba054aa2f00c/xnio-api-3.3.4.Final.jar-7c2bbaf1507c074/xnio-api-3.3.4.Final.jar
7f7f2803c000-7f7f28082000 r--s 00376000 08:21 657492                     /tmp/wildfly-self-contained238817298811862924.d/vfs/deployment/deploymentb185ba054aa2f00c/openjdk-orb-8.0.4.Final.jar-421a74ec30f1704a/openjdk-orb-8.0.4.Final.jar
7f7f28082000-7f7f28085000 ---p 00000000 00:00 0 
7f7f28085000-7f7f28183000 rw-p 00000000 00:00 0 
7f7f28183000-7f7f28186000 ---p 00000000 00:00 0 
7f7f28186000-7f7f28284000 rw-p 00000000 00:00 0 
7f7f28284000-7f7f28287000 ---p 00000000 00:00 0 
7f7f28287000-7f7f28385000 rw-p 00000000 00:00 0 
7f7f28385000-7f7f28388000 ---p 00000000 00:00 0 
7f7f28388000-7f7f28486000 rw-p 00000000 00:00 0 
7f7f28486000-7f7f28489000 ---p 00000000 00:00 0 
7f7f28489000-7f7f28587000 rw-p 00000000 00:00 0 
7f7f28587000-7f7f2858a000 ---p 00000000 00:00 0 
7f7f2858a000-7f7f28888000 rw-p 00000000 00:00 0 
7f7f28888000-7f7f28a88000 rw-p 00000000 00:00 0 
7f7f28a88000-7f7f28a8b000 ---p 00000000 00:00 0 
7f7f28a8b000-7f7f28b89000 rw-p 00000000 00:00 0 
7f7f28b89000-7f7f28b8c000 ---p 00000000 00:00 0 
7f7f28b8c000-7f7f28c8a000 rw-p 00000000 00:00 0 
7f7f28c8a000-7f7f28c8d000 ---p 00000000 00:00 0 
7f7f28c8d000-7f7f28f8b000 rw-p 00000000 00:00 0 
7f7f28f8b000-7f7f28f8e000 ---p 00000000 00:00 0 
7f7f28f8e000-7f7f2908c000 rw-p 00000000 00:00 0 
7f7f2908c000-7f7f2908f000 ---p 00000000 00:00 0 
7f7f2908f000-7f7f2918d000 rw-p 00000000 00:00 0 
7f7f2918d000-7f7f29190000 ---p 00000000 00:00 0 
7f7f29190000-7f7f2928e000 rw-p 00000000 00:00 0 
7f7f2928e000-7f7f29291000 ---p 00000000 00:00 0 
7f7f29291000-7f7f2938f000 rw-p 00000000 00:00 0 
7f7f2938f000-7f7f29392000 ---p 00000000 00:00 0 
7f7f29392000-7f7f29490000 rw-p 00000000 00:00 0 
7f7f29490000-7f7f29493000 ---p 00000000 00:00 0 
7f7f29493000-7f7f29591000 rw-p 00000000 00:00 0 
7f7f29591000-7f7f29594000 ---p 00000000 00:00 0 
7f7f29594000-7f7f29692000 rw-p 00000000 00:00 0 
7f7f29692000-7f7f29695000 ---p 00000000 00:00 0 
7f7f29695000-7f7f29793000 rw-p 00000000 00:00 0 
7f7f29793000-7f7f29794000 r--s 00006000 08:21 657573                     /tmp/wildfly-self-contained238817298811862924.d/vfs/deployment/deploymentb185ba054aa2f00c/jboss-transaction-api_1.2_spec-1.0.0.Final.jar-e0623c80cc5b1d56/jboss-transaction-api_1.2_spec-1.0.0.Final.jar
7f7f29794000-7f7f29796000 r--s 00011000 08:21 657549                     /tmp/wildfly-self-contained238817298811862924.d/vfs/deployment/deploymentb185ba054aa2f00c/shrinkwrap-descriptors-impl-base-2.0.0-alpha-9.jar-30fbc876e2c7077f/shrinkwrap-descriptors-impl-base-2.0.0-alpha-9.jar
7f7f29796000-7f7f29797000 r--s 00001000 08:21 657546                     /tmp/wildfly-self-contained238817298811862924.d/vfs/deployment/deploymentb185ba054aa2f00c/jca-2016.8.jar-c97e377455e52ba4/jca-2016.8.jar
7f7f29797000-7f7f2979f000 r--s 00025000 08:21 657540                     /tmp/wildfly-self-contained238817298811862924.d/vfs/deployment/deploymentb185ba054aa2f00c/container-2016.8.jar-620671744a371710/container-2016.8.jar
7f7f2979f000-7f7f297a4000 r--s 0002b000 08:21 657537                     /tmp/wildfly-self-contained238817298811862924.d/vfs/deployment/deploymentb185ba054aa2f00c/shrinkwrap-impl-base-1.2.6.jar-447f9107d6a4a19b/shrinkwrap-impl-base-1.2.6.jar
7f7f297a4000-7f7f297ac000 r--s 00055000 08:21 657534                     /tmp/wildfly-self-contained238817298811862924.d/vfs/deployment/deploymentb185ba054aa2f00c/shrinkwrap-descriptors-impl-jboss-2.0.0-alpha-9.jar-686f00b85c7c33fc/shrinkwrap-descriptors-impl-jboss-2.0.0-alpha-9.jar
7f7f297ac000-7f7f297b2000 r--s 00033000 08:21 657531                     /tmp/wildfly-self-contained238817298811862924.d/vfs/deployment/deploymentb185ba054aa2f00c/jose4j-0.4.1.jar-b5a3e1f4a7f378e/jose4j-0.4.1.jar
7f7f297b2000-7f7f297b4000 r--s 00003000 08:21 657528                     /tmp/wildfly-self-contained238817298811862924.d/vfs/deployment/deploymentb185ba054aa2f00c/shrinkwrap-descriptors-api-base-2.0.0-alpha-9.jar-1ba10b263262d0e5/shrinkwrap-descriptors-api-base-2.0.0-alpha-9.jar
7f7f297b4000-7f7f297b6000 r--s 00008000 08:21 657525                     /tmp/wildfly-self-contained238817298811862924.d/vfs/deployment/deploymentb185ba054aa2f00c/shrinkwrap-descriptors-spi-2.0.0-alpha-9.jar-f832873436fab01/shrinkwrap-descriptors-spi-2.0.0-alpha-9.jar
7f7f297b6000-7f7f297b8000 r--s 00013000 08:21 657522                     /tmp/wildfly-self-contained238817298811862924.d/vfs/deployment/deploymentb185ba054aa2f00c/jboss-el-api_3.0_spec-1.0.5.Final.jar-d8c03234b8c52579/jboss-el-api_3.0_spec-1.0.5.Final.jar
7f7f297b8000-7f7f297ba000 r--s 00009000 08:21 657519                     /tmp/wildfly-self-contained238817298811862924.d/vfs/deployment/deploymentb185ba054aa2f00c/jboss-websocket-api_1.1_spec-1.1.1.Final.jar-e0553d952e109384/jboss-websocket-api_1.1_spec-1.1.1.Final.jar
7f7f297ba000-7f7f297bd000 r--s 00036000 08:21 657516                     /tmp/wildfly-self-contained238817298811862924.d/vfs/deployment/deploymentb185ba054aa2f00c/jboss-javax-sql-api_7.0_spec-2.0.0.Final.jar-3176c3ae8cc1ff5/jboss-javax-sql-api_7.0_spec-2.0.0.Final.jar
7f7f297bd000-7f7f297c0000 ---p 00000000 00:00 0 
7f7f297c0000-7f7f298be000 rw-p 00000000 00:00 0 
7f7f298be000-7f7f298c1000 ---p 00000000 00:00 0 
7f7f298c1000-7f7f299bf000 rw-p 00000000 00:00 0 
7f7f299bf000-7f7f299c2000 ---p 00000000 00:00 0 
7f7f299c2000-7f7f29cc0000 rw-p 00000000 00:00 0 
7f7f29cc0000-7f7f29cc3000 ---p 00000000 00:00 0 
7f7f29cc3000-7f7f29dc1000 rw-p 00000000 00:00 0 
7f7f29dc1000-7f7f29dc4000 ---p 00000000 00:00 0 
7f7f29dc4000-7f7f29ec2000 rw-p 00000000 00:00 0 
7f7f29ec2000-7f7f29ec5000 ---p 00000000 00:00 0 
7f7f29ec5000-7f7f29fc3000 rw-p 00000000 00:00 0 
7f7f29fc3000-7f7f29fc6000 ---p 00000000 00:00 0 
7f7f29fc6000-7f7f2a0c4000 rw-p 00000000 00:00 0 
7f7f2a0c4000-7f7f2a0c7000 ---p 00000000 00:00 0 
7f7f2a0c7000-7f7f2a1c5000 rw-p 00000000 00:00 0 
7f7f2a1c5000-7f7f2a1c8000 ---p 00000000 00:00 0 
7f7f2a1c8000-7f7f2a2c6000 rw-p 00000000 00:00 0 
7f7f2a2c6000-7f7f2a2c9000 ---p 00000000 00:00 0 
7f7f2a2c9000-7f7f2a3c7000 rw-p 00000000 00:00 0 
7f7f2a3c7000-7f7f2a3c8000 r--s 00001000 08:21 657513                     /tmp/wildfly-self-contained238817298811862924.d/vfs/deployment/deploymentb185ba054aa2f00c/demoiselle-security-jwt-3.0.0-BETA1-SNAPSHOT.jar-afca20967895567a/demoiselle-security-jwt-3.0.0-BETA1-SNAPSHOT.jar
7f7f2a3c8000-7f7f2a3c9000 r--s 00004000 08:21 657510                     /tmp/wildfly-self-contained238817298811862924.d/vfs/deployment/deploymentb185ba054aa2f00c/javax.json-api-1.0.jar-a72c20fa1bc854c0/javax.json-api-1.0.jar
7f7f2a3c9000-7f7f2a3ca000 r--s 00003000 08:21 657507                     /tmp/wildfly-self-contained238817298811862924.d/vfs/deployment/deploymentb185ba054aa2f00c/jboss-interceptors-api_1.2_spec-1.0.0.Final.jar-1f9598acbb76ce54/jboss-interceptors-api_1.2_spec-1.0.0.Final.jar
7f7f2a3ca000-7f7f2a3d1000 r--s 0001f000 08:21 657504                     /tmp/wildfly-self-contained238817298811862924.d/vfs/deployment/deploymentb185ba054aa2f00c/shrinkwrap-descriptors-api-jboss-2.0.0-alpha-9.jar-7d85d56ce69f6c48/shrinkwrap-descriptors-api-jboss-2.0.0-alpha-9.jar
7f7f2a3d1000-7f7f2a3d3000 r--s 00000000 08:21 657501                     /tmp/wildfly-self-contained238817298811862924.d/vfs/deployment/deploymentb185ba054aa2f00c/jgroups-module-2016.8.jar-6a82ad2762be3612/jgroups-module-2016.8.jar
7f7f2a3d3000-7f7f2a3d5000 r--s 00006000 08:21 657495                     /tmp/wildfly-self-contained238817298811862924.d/vfs/deployment/deploymentb185ba054aa2f00c/slf4j-api-1.7.7.jbossorg-1.jar-5a1e1a92996e94fb/slf4j-api-1.7.7.jbossorg-1.jar
7f7f2a3d5000-7f7f2a3fa000 r--s 00137000 08:21 657489                     /tmp/wildfly-self-contained238817298811862924.d/vfs/deployment/deploymentb185ba054aa2f00c/config-api-0.4.4.jar-5a970d2e2b41269b/config-api-0.4.4.jar
7f7f2a3fa000-7f7f2a3fc000 r--s 00003000 08:21 657486                     /tmp/wildfly-self-contained238817298811862924.d/vfs/deployment/deploymentb185ba054aa2f00c/demoiselle-security-3.0.0-BETA1-SNAPSHOT.jar-30b98bab7284c5fb/demoiselle-security-3.0.0-BETA1-SNAPSHOT.jar
7f7f2a3fc000-7f7f2a41b000 r--s 00178000 08:21 657483                     /tmp/wildfly-self-contained238817298811862924.d/vfs/deployment/deploymentb185ba054aa2f00c/narayana-jts-idlj-5.2.12.Final.jar-49484c8b1cd97afc/narayana-jts-idlj-5.2.12.Final.jar
7f7f2a41b000-7f7f2a437000 r--s 0018b000 08:21 657480                     /tmp/wildfly-self-contained238817298811862924.d/vfs/deployment/deploymentb185ba054aa2f00c/shrinkwrap-descriptors-impl-javaee-2.0.0-alpha-9.jar-57fb7bdafd07604b/shrinkwrap-descriptors-impl-javaee-2.0.0-alpha-9.jar
7f7f2a437000-7f7f2a43c000 r--s 0002a000 08:21 657477                     /tmp/wildfly-self-contained238817298811862924.d/vfs/deployment/deploymentb185ba054aa2f00c/gson-2.2.2.jar-5ad1448704024b29/gson-2.2.2.jar
7f7f2a43c000-7f7f2a440000 r--s 00021000 08:21 657474                     /tmp/wildfly-self-contained238817298811862924.d/vfs/deployment/deploymentb185ba054aa2f00c/deltaspike-core-impl-1.7.1.jar-f0674b3d12f7a66d/deltaspike-core-impl-1.7.1.jar
7f7f2a440000-7f7f2a442000 r--s 00003000 08:21 657471                     /tmp/wildfly-self-contained238817298811862924.d/vfs/deployment/deploymentb185ba054aa2f00c/logging-2016.8.jar-6547976b10ac3ddf/logging-2016.8.jar
7f7f2a442000-7f7f2a446000 r--s 0002b000 08:21 657468                     /tmp/wildfly-self-contained238817298811862924.d/vfs/deployment/deploymentb185ba054aa2f00c/jboss-servlet-api_3.1_spec-1.0.0.Final.jar-d84603d1de0fa1ff/jboss-servlet-api_3.1_spec-1.0.0.Final.jar
7f7f2a446000-7f7f2a44f000 r--s 00064000 08:21 657462                     /tmp/wildfly-self-contained238817298811862924.d/vfs/deployment/deploymentb185ba054aa2f00c/undertow-servlet-1.3.15.Final.jar-bca39a65a4d8f0aa/undertow-servlet-1.3.15.Final.jar
7f7f2a44f000-7f7f2a453000 r--s 00027000 08:21 657459                     /tmp/wildfly-self-contained238817298811862924.d/vfs/deployment/deploymentb185ba054aa2f00c/javax.el-impl-3.0.1-b08-jbossorg-1.jar-4cdfb51e6a9618ae/javax.el-impl-3.0.1-b08-jbossorg-1.jar
7f7f2a453000-7f7f2a45b000 r--s 00036000 08:21 657456                     /tmp/wildfly-self-contained238817298811862924.d/vfs/deployment/deploymentb185ba054aa2f00c/deltaspike-core-api-1.7.1.jar-4f1bc45bbb0913fd/deltaspike-core-api-1.7.1.jar
7f7f2a45b000-7f7f2a45e000 ---p 00000000 00:00 0 
7f7f2a45e000-7f7f2a55c000 rw-p 00000000 00:00 0 
7f7f2a55c000-7f7f2a55f000 ---p 00000000 00:00 0 
7f7f2a55f000-7f7f2a65d000 rw-p 00000000 00:00 0 
7f7f2a65d000-7f7f2a660000 ---p 00000000 00:00 0 
7f7f2a660000-7f7f2aa5e000 rw-p 00000000 00:00 0 
7f7f2aa5e000-7f7f2ac5e000 rw-p 00000000 00:00 0 
7f7f2ac5e000-7f7f2ac5f000 r--s 00001000 08:21 657498                     /tmp/wildfly-self-contained238817298811862924.d/vfs/deployment/deploymentb185ba054aa2f00c/naming-2016.8.jar-36abf2cf5cbeab1c/naming-2016.8.jar
7f7f2ac5f000-7f7f2ac61000 r--s 00000000 08:21 657465                     /tmp/wildfly-self-contained238817298811862924.d/vfs/deployment/deploymentb185ba054aa2f00c/config-api-modules-0.4.4.jar-9f172562188c1895/config-api-modules-0.4.4.jar
7f7f2ac61000-7f7f2ac87000 r--s 001d8000 08:21 657453                     /tmp/wildfly-self-contained238817298811862924.d/vfs/deployment/deploymentb185ba054aa2f00c/undertow-core-1.3.15.Final.jar-2544a9c5497070fc/undertow-core-1.3.15.Final.jar
7f7f2ac87000-7f7f2ac89000 r--s 0000f000 08:21 657450                     /tmp/wildfly-self-contained238817298811862924.d/vfs/deployment/deploymentb185ba054aa2f00c/jboss-logging-3.3.0.Final.jar-893e48bb7318bb8a/jboss-logging-3.3.0.Final.jar
7f7f2ac89000-7f7f2ac8b000 r--s 0000e000 08:21 657447                     /tmp/wildfly-self-contained238817298811862924.d/vfs/deployment/deploymentb185ba054aa2f00c/commons-logging-1.1.3.jar-4a7472217c8f2778/commons-logging-1.1.3.jar
7f7f2ac8b000-7f7f2ac8e000 r--s 00019000 08:21 657444                     /tmp/wildfly-self-contained238817298811862924.d/vfs/deployment/deploymentb185ba054aa2f00c/xnio-nio-3.3.4.Final.jar-c5f5987869d6e541/xnio-nio-3.3.4.Final.jar
7f7f2ac8e000-7f7f2ac8f000 r--s 00001000 08:21 657441                     /tmp/wildfly-self-contained238817298811862924.d/vfs/deployment/deploymentb185ba054aa2f00c/io-2016.8.jar-736a9d06bb3fcf40/io-2016.8.jar
7f7f2ac8f000-7f7f2ac97000 r--s 00045000 08:21 396997                     /tmp/remoting-jmx-2.0.1.Final7201992571641788273.jar
7f7f2ac97000-7f7f2ac9c000 r--s 002f9000 08:21 1596553                    /usr/lib/jvm/java-8-oracle/jre/lib/charsets.jar
7f7f2ac9c000-7f7f2aca6000 r--s 000e8000 08:21 396990                     /tmp/mysql-connector-java-5.1.394668959100018613621.jar
7f7f2aca6000-7f7f2acb8000 r--s 00223000 08:21 396989                     /tmp/ecj-4.4.24530918706579370202.jar
7f7f2acb8000-7f7f2acb9000 r--s 00007000 08:21 396988                     /tmp/artemis-native-1.1.0.wildfly-0113386639956392821274.jar
7f7f2acb9000-7f7f2acbd000 r--s 00021000 08:21 396987                     /tmp/artemis-jms-server-1.1.0.wildfly-011443110819078081042.jar
7f7f2acbd000-7f7f2acc1000 r--s 00026000 08:21 396986                     /tmp/artemis-jms-client-1.1.0.wildfly-0111084022532602074660.jar
7f7f2acc1000-7f7f2acc5000 r--s 00025000 08:21 396985                     /tmp/artemis-journal-1.1.0.wildfly-0117073713939324452651.jar
7f7f2acc5000-7f7f2acc6000 r--s 00002000 08:21 396983                     /tmp/artemis-hqclient-protocol-1.1.0.wildfly-0112279801236777256815.jar
7f7f2acc6000-7f7f2acc8000 r--s 00002000 08:21 396982                     /tmp/artemis-dto-1.1.0.wildfly-0113728096269907241152.jar
7f7f2acc8000-7f7f2accd000 r--s 0001d000 08:21 396981                     /tmp/artemis-commons-1.1.0.wildfly-011443776256719542893.jar
7f7f2accd000-7f7f2acd1000 r--s 00027000 08:21 396979                     /tmp/artemis-cli-1.1.0.wildfly-0117198459172518316066.jar
7f7f2acd1000-7f7f2ace6000 r--s 00115000 08:21 396978                     /tmp/artemis-server-1.1.0.wildfly-0113731245992810582613.jar
7f7f2ace6000-7f7f2ace9000 r--s 00016000 08:21 396977                     /tmp/artemis-selector-1.1.0.wildfly-0118078794818382240548.jar
7f7f2ace9000-7f7f2acf6000 r--s 00087000 08:21 396976                     /tmp/artemis-core-client-1.1.0.wildfly-0115788729633183556041.jar
7f7f2acf6000-7f7f2acf8000 r--s 00009000 08:21 396969                     /tmp/slf4j-ext-1.7.7.jbossorg-1115819432164586201.jar
7f7f2acf8000-7f7f2acf9000 r--s 00002000 08:21 396968                     /tmp/slf4j-jboss-logmanager-1.0.3.GA1791365753558209836.jar
7f7f2acf9000-7f7f2acfe000 r--s 00017000 08:21 396967                     /tmp/hibernate-jpa-2.1-api-1.0.0.Final7895039862979760200.jar
7f7f2acfe000-7f7f2ad01000 ---p 00000000 00:00 0 
7f7f2ad01000-7f7f2adff000 rw-p 00000000 00:00 0 
7f7f2adff000-7f7f2ae02000 ---p 00000000 00:00 0 
7f7f2ae02000-7f7f2af00000 rw-p 00000000 00:00 0 
7f7f2af00000-7f7f2af03000 ---p 00000000 00:00 0 
7f7f2af03000-7f7f2b001000 rw-p 00000000 00:00 0 
7f7f2b001000-7f7f2b004000 ---p 00000000 00:00 0 
7f7f2b004000-7f7f2b102000 rw-p 00000000 00:00 0 
7f7f2b102000-7f7f2b105000 ---p 00000000 00:00 0 
7f7f2b105000-7f7f2b203000 rw-p 00000000 00:00 0 
7f7f2b203000-7f7f2b206000 ---p 00000000 00:00 0 
7f7f2b206000-7f7f2b304000 rw-p 00000000 00:00 0 
7f7f2b304000-7f7f2b30d000 r-xp 00000000 08:21 1596647                    /usr/lib/jvm/java-8-oracle/jre/lib/amd64/libmanagement.so
7f7f2b30d000-7f7f2b50c000 ---p 00009000 08:21 1596647                    /usr/lib/jvm/java-8-oracle/jre/lib/amd64/libmanagement.so
7f7f2b50c000-7f7f2b50d000 rw-p 00008000 08:21 1596647                    /usr/lib/jvm/java-8-oracle/jre/lib/amd64/libmanagement.so
7f7f2b50d000-7f7f2b70d000 rw-p 00000000 00:00 0 
7f7f2b70d000-7f7f2b714000 r--s 00000000 08:21 1839307                    /usr/lib/x86_64-linux-gnu/gconv/gconv-modules.cache
7f7f2b714000-7f7f2b735000 r--p 00000000 08:21 2236433                    /usr/share/locale-langpack/pt_BR/LC_MESSAGES/libc.mo
7f7f2b735000-7f7f2b737000 r--s 00004000 08:21 396955                     /tmp/wildfly-clustering-infinispan-spi-10.0.0.Final2816591253381341232.jar
7f7f2b737000-7f7f2b747000 r--s 0009a000 08:21 396953                     /tmp/infinispan-commons-8.1.0.Final4332623315499095957.jar
7f7f2b747000-7f7f2b783000 r--s 00303000 08:21 396952                     /tmp/infinispan-core-8.1.0.Final8680832973988307588.jar
7f7f2b783000-7f7f2b983000 rw-p 00000000 00:00 0 
7f7f2b983000-7f7f2b984000 r--s 00008000 08:21 396950                     /tmp/jboss-jacc-api_1.5_spec-1.0.0.Final7894975630028015131.jar
7f7f2b984000-7f7f2b98c000 r--s 00065000 08:21 396948                     /tmp/jboss-metadata-web-10.0.0.Final770870605723851412.jar
7f7f2b98c000-7f7f2b98e000 r--s 0000a000 08:21 396947                     /tmp/wildfly-web-common-10.0.0.Final2424858713065041602.jar
7f7f2b98e000-7f7f2b98f000 r--s 00000000 08:21 396946                     /tmp/wildfly-clustering-web-api-10.0.0.Final2895054260917804404.jar
7f7f2b98f000-7f7f2b991000 r--s 00007000 08:21 396944                     /tmp/jboss-jaspi-api_1.1_spec-1.0.0.Final6049748005302818089.jar
7f7f2b991000-7f7f2b995000 r--s 00025000 08:21 396943                     /tmp/undertow-websockets-jsr-1.3.15.Final3892940651613051460.jar
7f7f2b995000-7f7f2b99d000 r--s 00090000 08:21 396936                     /tmp/jastow-2.0.0.Final5085794002307046718.jar
7f7f2b99d000-7f7f2b99f000 r--s 0000f000 08:21 396934                     /tmp/jboss-metadata-ear-10.0.0.Final2650924104832536213.jar
7f7f2b99f000-7f7f2b9a1000 r--s 00007000 08:21 396933                     /tmp/jboss-saaj-api_1.3_spec-1.0.3.Final9107252751799534049.jar
7f7f2b9a1000-7f7f2b9a3000 r--s 0000f000 08:21 396931                     /tmp/activation-1.1.1533534829997063649.jar
7f7f2b9a3000-7f7f2b9a6000 r--s 00017000 08:21 396930                     /tmp/jboss-jaxb-api_2.2_spec-1.0.4.Final6842459662776146455.jar
7f7f2b9a6000-7f7f2b9a9000 r--s 0000d000 08:21 396929                     /tmp/jboss-jaxws-api_2.2_spec-2.0.2.Final1672361446860895061.jar
7f7f2b9a9000-7f7f2b9ab000 r--s 0000a000 08:21 396928                     /tmp/compensations-5.2.12.Final483541701080582546.jar
7f7f2b9ab000-7f7f2b9b1000 r--s 00048000 08:21 396926                     /tmp/wildfly-iiop-openjdk-10.0.0.Final1947105962275180915.jar
7f7f2b9b1000-7f7f2b9f7000 r--s 00376000 08:21 396925                     /tmp/openjdk-orb-8.0.5.Final1273435103286259581.jar
7f7f2b9f7000-7f7f2b9f9000 r--s 0000c000 08:21 396923                     /tmp/javax.enterprise.concurrent-1.02130635777215557386.jar
7f7f2b9f9000-7f7f2b9fa000 r--s 00004000 08:21 396922                     /tmp/jboss-concurrency-api_1.0_spec-1.0.0.Final8883445330719967474.jar
7f7f2b9fa000-7f7f2bbfa000 rw-p 00000000 00:00 0 
7f7f2bbfa000-7f7f2bbfc000 r--s 00003000 08:21 396920                     /tmp/wildfly-clustering-jgroups-spi-10.0.0.Final6552084678103566432.jar
7f7f2bbfc000-7f7f2bbfd000 r--s 00000000 08:21 396919                     /tmp/wildfly-clustering-jgroups-api-10.0.0.Final3163967785227661886.jar
7f7f2bbfd000-7f7f2bc17000 r--s 0022a000 08:21 396918                     /tmp/jgroups-3.6.6.Final5050399503542909672.jar
7f7f2bc17000-7f7f2bc21000 r--s 00069000 08:21 396916                     /tmp/jboss-metadata-common-10.0.0.Final1813577706216118920.jar
7f7f2bc21000-7f7f2bc23000 r--s 0000a000 08:21 396915                     /tmp/narayana-jts-integration-5.2.12.Final4815822631816454085.jar
7f7f2bc23000-7f7f2bc42000 r--s 00178000 08:21 396914                     /tmp/narayana-jts-idlj-5.2.12.Final2560242735021545213.jar
7f7f2bc42000-7f7f2bc47000 r--s 00034000 08:21 396912                     /tmp/ironjacamar-jdbc-1.3.2.Final3137999224838465422.jar
7f7f2bc47000-7f7f2bc4a000 r--s 0000f000 08:21 396911                     /tmp/ironjacamar-validator-1.3.2.Final2177918198429002843.jar
7f7f2bc4a000-7f7f2bc4c000 r--s 0000e000 08:21 396910                     /tmp/ironjacamar-deployers-common-1.3.2.Final8840944920725455846.jar
7f7f2bc4c000-7f7f2bc55000 r--s 00070000 08:21 396908                     /tmp/ironjacamar-core-impl-1.3.2.Final6736979101754996485.jar
7f7f2bc55000-7f7f2bc59000 r--s 0003c000 08:21 396906                     /tmp/ironjacamar-common-impl-1.3.2.Final1766700987134310813.jar
7f7f2bc59000-7f7f2bc5d000 r--s 00009000 08:21 396905                     /tmp/ironjacamar-core-api-1.3.2.Final4776470991614453232.jar
7f7f2bc5d000-7f7f2bc5e000 r--s 00001000 08:21 396904                     /tmp/ironjacamar-common-spi-1.3.2.Final1720839206213880524.jar
7f7f2bc5e000-7f7f2bc62000 r--s 00033000 08:21 396903                     /tmp/ironjacamar-common-api-1.3.2.Final6352245667813897012.jar
7f7f2bc62000-7f7f2bc64000 r--s 00006000 08:21 396901                     /tmp/jboss-transaction-spi-7.3.0.Final6156135471702421873.jar
7f7f2bc64000-7f7f2bc67000 r--s 0001d000 08:21 396900                     /tmp/wildfly-threads-2.0.10.Final621793352249058161.jar
7f7f2bc67000-7f7f2bc77000 r--s 0009b000 08:21 396899                     /tmp/hibernate-validator-5.2.3.Final2302638612952867007.jar
7f7f2bc77000-7f7f2bc7b000 r--s 0000c000 08:21 396897                     /tmp/validation-api-1.1.0.Final6080079504351322451.jar
7f7f2bc7b000-7f7f2bc7c000 r--s 00006000 08:21 396896                     /tmp/jboss-transaction-api_1.2_spec-1.0.0.Final5307472219408427724.jar
7f7f2bc7c000-7f7f2bc7f000 r--s 0000f000 08:21 396895                     /tmp/jboss-connector-api_1.7_spec-1.0.0.Final8705577892920017918.jar
7f7f2bc7f000-7f7f2bc81000 r--s 00000000 08:21 396893                     /tmp/wildfly-core-security-api-2.0.10.Final5546051941954369856.jar
7f7f2bc81000-7f7f2bc83000 r--s 00002000 08:21 396892                     /tmp/wildfly-core-security-2.0.10.Final1364686801537617559.jar
7f7f2bc83000-7f7f2bc87000 r--s 00025000 08:21 396891                     /tmp/jboss-remote-naming-2.0.4.Final5363266408975385874.jar
7f7f2bc87000-7f7f2bc89000 r--s 0000b000 08:21 396890                     /tmp/wildfly-common-1.1.0.Final2517640184209993812.jar
7f7f2bc89000-7f7f2bc8b000 r--s 00004000 08:21 396889                     /tmp/picketbox-commons-1.0.0.final6002647345051570840.jar
7f7f2bc8b000-7f7f2bc8c000 r--s 00005000 08:21 396887                     /tmp/picketbox-infinispan-4.9.4.Final2143578538690333404.jar
7f7f2bc8c000-7f7f2bc9f000 r--s 000d5000 08:21 396886                     /tmp/picketbox-4.9.4.Final1252420275352328906.jar
7f7f2bc9f000-7f7f2bca3000 r--s 00030000 08:21 396885                     /tmp/wildfly-remoting-2.0.10.Final8519760714056684076.jar
7f7f2bca3000-7f7f2bca7000 r--s 00016000 08:21 396883                     /tmp/wildfly-protocol-2.0.10.Final4349253142305835678.jar
7f7f2bca7000-7f7f2bcaa000 r--s 0001d000 08:21 396880                     /tmp/wildfly-process-controller-2.0.10.Final7513673311338474280.jar
7f7f2bcaa000-7f7f2bcad000 r--s 0001c000 08:21 396879                     /tmp/wildfly-platform-mbean-2.0.10.Final2808717338593738288.jar
7f7f2bcad000-7f7f2bcaf000 r--s 00009000 08:21 396878                     /tmp/wildfly-network-2.0.10.Final6631621444929224165.jar
7f7f2bcaf000-7f7f2bcb4000 r--s 00034000 08:21 396876                     /tmp/wildfly-jmx-2.0.10.Final3333129015581072405.jar
7f7f2bcb4000-7f7f2bcc4000 r--s 000b4000 08:21 396874                     /tmp/wildfly-domain-management-2.0.10.Final8100614589116123050.jar
7f7f2bcc4000-7f7f2bcc6000 r--s 00016000 08:21 396873                     /tmp/wildfly-domain-http-interface-2.0.10.Final6517950035780358693.jar
7f7f2bcc6000-7f7f2bcc8000 r--s 00006000 08:21 396872                     /tmp/wildfly-deployment-repository-2.0.10.Final7406963715472997884.jar
7f7f2bcc8000-7f7f2bcca000 r--s 00015000 08:21 396870                     /tmp/jboss-sasl-1.0.5.Final1499368332023246686.jar
7f7f2bcca000-7f7f2bccf000 r--s 0003e000 08:21 396869                     /tmp/jboss-remoting-4.0.18.Final5788636365269017449.jar
7f7f2bccf000-7f7f2bcd1000 r--s 00013000 08:21 396867                     /tmp/jboss-marshalling-river-1.4.10.Final8604391898596216125.jar
7f7f2bcd1000-7f7f2bcd7000 r--s 00030000 08:21 396865                     /tmp/jboss-marshalling-1.4.10.Final8530343844818144075.jar
7f7f2bcd7000-7f7f2bcda000 r--s 00010000 08:21 396863                     /tmp/jboss-invocation-1.4.1.Final4971165796258044283.jar
7f7f2bcda000-7f7f2bcff000 r--s 002f6000 08:21 396857                     /tmp/xalan-2.7.1.jbossorg-22433242713041805650.jar
7f7f2bcff000-7f7f2beff000 rw-p 00000000 00:00 0 
7f7f2beff000-7f7f2bf02000 ---p 00000000 00:00 0 
7f7f2bf02000-7f7f2c000000 rw-p 00000000 00:00 0 
7f7f2c000000-7f7f2c021000 rw-p 00000000 00:00 0 
7f7f2c021000-7f7f30000000 ---p 00000000 00:00 0 
7f7f30000000-7f7f30021000 rw-p 00000000 00:00 0 
7f7f30021000-7f7f34000000 ---p 00000000 00:00 0 
7f7f34000000-7f7f34028000 rw-p 00000000 00:00 0 
7f7f34028000-7f7f38000000 ---p 00000000 00:00 0 
7f7f38000000-7f7f38001000 r--s 00003000 08:21 396882                     /tmp/wildfly-version-2.0.10.Final7609214909153753328.jar
7f7f38001000-7f7f38005000 r--s 00024000 08:21 396862                     /tmp/stax2-api-3.1.41086483435649825350.jar
7f7f38005000-7f7f3800b000 r--s 00071000 08:21 396860                     /tmp/woodstox-core-asl-4.4.11124444465791355438.jar
7f7f3800b000-7f7f38024000 r--s 001a1000 08:21 396859                     /tmp/xercesImpl-2.11.0.SP45460095610625419126.jar
7f7f38024000-7f7f38028000 r--s 00042000 08:21 396856                     /tmp/serializer-2.7.1.jbossorg-27932565986064318193.jar
7f7f38028000-7f7f38034000 r--s 00082000 08:21 396842                     /tmp/wildfly-ee-10.0.0.Final4562656831886841454.jar
7f7f38034000-7f7f38037000 r--s 00019000 08:21 396841                     /tmp/xnio-nio-3.3.4.Final5086462209107496548.jar
7f7f38037000-7f7f38040000 r--s 00073000 08:21 396838                     /tmp/xnio-api-3.3.4.Final318525508732923446.jar
7f7f38040000-7f7f38045000 r--s 00037000 08:21 396837                     /tmp/asm-all-5.0.42973766624155245890.jar
7f7f38045000-7f7f38051000 r--s 0009a000 08:21 396836                     /tmp/wildfly-undertow-10.0.0.Final1124499201331485924.jar
7f7f38051000-7f7f38053000 r--s 00007000 08:21 396834                     /tmp/jboss-negotiation-spnego-3.0.0.Final2551045020653129006.jar
7f7f38053000-7f7f38054000 r--s 00003000 08:21 396832                     /tmp/jboss-negotiation-ntlm-3.0.0.Final1080778694116498384.jar
7f7f38054000-7f7f38056000 r--s 00009000 08:21 396831                     /tmp/jboss-negotiation-extras-3.0.0.Final2640385581946499220.jar
7f7f38056000-7f7f38058000 r--s 00009000 08:21 396830                     /tmp/jboss-negotiation-common-3.0.0.Final4179113839212146681.jar
7f7f38058000-7f7f3805e000 r--s 00041000 08:21 396829                     /tmp/wildfly-security-10.0.0.Final1713017570880211515.jar
7f7f3805e000-7f7f38062000 r--s 0002f000 08:21 396827                     /tmp/wildfly-transactions-10.0.0.Final2719368003477485094.jar
7f7f38062000-7f7f38066000 r--s 0001b000 08:21 396826                     /tmp/jboss-threads-2.2.1.Final2518260976344558003.jar
7f7f38066000-7f7f38069000 ---p 00000000 00:00 0 
7f7f38069000-7f7f38167000 rw-p 00000000 00:00 0 
7f7f38167000-7f7f3816a000 ---p 00000000 00:00 0 
7f7f3816a000-7f7f38468000 rw-p 00000000 00:00 0 
7f7f38468000-7f7f3846a000 r--s 0000a000 08:21 396825                     /tmp/wildfly-io-2.0.10.Final9117177826616521578.jar
7f7f3846a000-7f7f3846c000 r--s 00008000 08:21 396822                     /tmp/wildfly-request-controller-2.0.10.Final6912010601879397615.jar
7f7f3846c000-7f7f38479000 r--s 000b8000 08:21 396820                     /tmp/wildfly-connector-10.0.0.Final6990054956728483315.jar
7f7f38479000-7f7f3847c000 ---p 00000000 00:00 0 
7f7f3847c000-7f7f3857a000 rw-p 00000000 00:00 0 
7f7f3857a000-7f7f3857d000 ---p 00000000 00:00 0 
7f7f3857d000-7f7f3867b000 rw-p 00000000 00:00 0 
7f7f3867b000-7f7f3867e000 ---p 00000000 00:00 0 
7f7f3867e000-7f7f3897c000 rw-p 00000000 00:00 0 
7f7f3897c000-7f7f38b7c000 rw-p 00000000 00:00 0 
7f7f38b7c000-7f7f38b7f000 r--s 00019000 08:21 396805                     /tmp/jboss-classfilewriter-1.1.2.Final6511615450104405424.jar
7f7f38b7f000-7f7f38baa000 r--s 001fc000 08:21 396804                     /tmp/guava-18.05701765080495045657.jar
7f7f38baa000-7f7f38bc8000 r--s 0015d000 08:21 396803                     /tmp/weld-core-impl-2.3.2.Final1936586140187474144.jar
7f7f38bc8000-7f7f38bca000 r--s 0000a000 08:21 396801                     /tmp/undertow-2016.83854696785182574714.jar
7f7f38bca000-7f7f38bce000 r--s 00006000 08:21 396800                     /tmp/transactions-2016.84578963271221634209.jar
7f7f38bce000-7f7f38bd0000 r--s 00001000 08:21 396797                     /tmp/security-2016.85995157833810404636.jar
7f7f38bd0000-7f7f38bd2000 r--s 00001000 08:21 396796                     /tmp/request-controller-2016.8242216078668025990.jar
7f7f38bd2000-7f7f38bd3000 r--s 00001000 08:21 396794                     /tmp/naming-2016.83720725099861170456.jar
7f7f38bd3000-7f7f38bd5000 r--s 00001000 08:21 396792                     /tmp/mysql-2016.82854363499545511701.jar
7f7f38bd5000-7f7f38bd6000 r--s 00001000 08:21 396790                     /tmp/jca-2016.84206575870469311355.jar
7f7f38bd6000-7f7f38bd7000 r--s 00001000 08:21 396789                     /tmp/io-2016.82144956707873802431.jar
7f7f38bd7000-7f7f38bdb000 r--s 00005000 08:21 396787                     /tmp/ee-2016.85430246439439734766.jar
7f7f38bdb000-7f7f38bdd000 r--s 00002000 08:21 396785                     /tmp/datasources-2016.82868093538257397634.jar
7f7f38bdd000-7f7f38bea000 r--s 00017000 08:21 396783                     /tmp/connector-2016.86363455966078223332.jar
7f7f38bea000-7f7f38dea000 rw-p 00000000 00:00 0 
7f7f38dea000-7f7f38dec000 r--s 00003000 08:21 396782                     /tmp/jboss-stdio-1.0.2.GA1052977464529714337.jar
7f7f38dec000-7f7f38df0000 r--s 0002b000 08:21 396781                     /tmp/wildfly-elytron-1.0.2.Final1204217850969614974.jar
7f7f38df0000-7f7f38df9000 r--s 00070000 08:21 396779                     /tmp/log4j-jboss-logmanager-1.1.2.Final9129058723607043361.jar
7f7f38df9000-7f7f38dff000 r--s 00037000 08:21 396776                     /tmp/wildfly-naming-10.0.0.Final1485895888202076707.jar
7f7f38dff000-7f7f38e01000 r--s 00001000 08:21 396775                     /tmp/wildfly-self-contained-2.0.10.Final6244478300511154710.jar
7f7f38e01000-7f7f38e04000 r--s 0000d000 08:21 396773                     /tmp/jboss-common-beans-2.0.0.Final3472546720668817381.jar
7f7f38e04000-7f7f38e15000 r--s 00113000 08:21 396771                     /tmp/wildfly-server-2.0.10.Final6642448342479104694.jar
7f7f38e15000-7f7f38e18000 r--s 0002b000 08:21 396770                     /tmp/jandex-2.0.1.Final69293834316589818.jar
7f7f38e18000-7f7f38e1c000 r--s 0001e000 08:21 396768                     /tmp/jboss-vfs-3.2.11.Final4279374916945975625.jar
7f7f38e1c000-7f7f38e26000 r--s 00116000 08:21 1596680                    /usr/lib/jvm/java-8-oracle/jre/lib/ext/localedata.jar
7f7f38e26000-7f7f38e28000 r--s 00008000 08:21 396767                     /tmp/cal10n-api-0.8.18035055294217791291.jar
7f7f38e28000-7f7f38e29000 r--s 00000000 08:21 396766                     /tmp/jul-to-slf4j-stub-1.0.1.Final3660942755086593059.jar
7f7f38e29000-7f7f38e31000 r--s 00063000 08:21 396764                     /tmp/wildfly-logging-2.0.10.Final4430450736957997473.jar
7f7f38e31000-7f7f38e37000 r--s 0002e000 08:21 396762                     /tmp/wildfly-controller-client-2.0.10.Final6686362233599088967.jar
7f7f38e37000-7f7f38e5a000 r--s 001a1000 08:21 396760                     /tmp/wildfly-controller-2.0.10.Final5666738456386669538.jar
7f7f38e5a000-7f7f38e5c000 r--s 00016000 08:21 396759                     /tmp/jboss-dmr-1.3.0.Final5978621344174319327.jar
7f7f38e5c000-7f7f38e64000 r--s 0004c000 08:21 396758                     /tmp/jboss-logmanager-2.0.3.Final5081556539116511690.jar
7f7f38e64000-7f7f38e65000 r--s 00008000 08:21 396756                     /tmp/staxmapper-1.2.0.Final4175774593645715660.jar
7f7f38e65000-7f7f38e67000 r--s 00009000 08:21 396755                     /tmp/spi-1.0.11.Final8522344172732270405.jar
7f7f38e67000-7f7f38e6f000 r--s 00025000 08:21 396754                     /tmp/container-2016.88555928119251846825.jar
7f7f38e6f000-7f7f38e71000 r--s 00003000 08:21 396753                     /tmp/logging-2016.8849959335646264781.jar
7f7f38e71000-7f7f38e73000 r--s 0000f000 08:21 396752                     /tmp/jboss-logging-3.3.0.Final4226947327587703781.jar
7f7f38e73000-7f7f38e75000 r--s 0000f000 08:21 396751                     /tmp/weld-se-core-3.0.0.Alpha165318168342548596228.jar
7f7f38e75000-7f7f38e78000 r--s 00011000 08:21 396750                     /tmp/weld-environment-common-3.0.0.Alpha162829897513960714141.jar
7f7f38e78000-7f7f38e95000 r--s 0015f000 08:21 396748                     /tmp/weld-core-impl-3.0.0.Alpha165301979832111377229.jar
7f7f38e95000-7f7f38e9a000 r--s 00011000 08:21 396747                     /tmp/weld-spi-3.0.Alpha192002955435376836304.jar
7f7f38e9a000-7f7f38e9b000 r--s 00003000 08:21 396746                     /tmp/jboss-interceptors-api_1.2_spec-1.0.0.Final1891375438393152850.jar
7f7f38e9b000-7f7f38e9c000 r--s 00000000 08:21 396745                     /tmp/javax.inject-14992580592207767424.jar
7f7f38e9c000-7f7f38ea0000 r--s 00013000 08:21 396742                     /tmp/cdi-api-2.0.Alpha46712908084317101823.jar
7f7f38ea0000-7f7f38ea2000 r--s 00005000 08:21 396741                     /tmp/weld-api-3.0.Alpha191966591508506439210.jar
7f7f38ea2000-7f7f38ea8000 r--s 0003d000 08:21 396740                     /tmp/snakeyaml-1.175196877333063813868.jar
7f7f38ea8000-7f7f38eaa000 r--s 00006000 08:21 396739                     /tmp/slf4j-api-1.7.7.jbossorg-11221123634445781231.jar
7f7f38eaa000-7f7f38eac000 r--s 00003000 08:21 396737                     /tmp/jcl-over-slf4j-1.7.7.jbossorg-13064085795266500232.jar
7f7f38eac000-7f7f38eae000 r--s 00009000 08:21 396736                     /tmp/jboss-websocket-api_1.1_spec-1.1.1.Final1547889783098202030.jar
7f7f38eae000-7f7f38eb7000 r--s 00063000 08:21 396735                     /tmp/jboss-jstl-api_1.2_spec-1.1.2.Final3710012531124487402.jar
7f7f38eb7000-7f7f38eb9000 r--s 00013000 08:21 396734                     /tmp/jboss-el-api_3.0_spec-1.0.5.Final4456816199387699007.jar
7f7f38eb9000-7f7f38ebd000 r--s 00027000 08:21 396733                     /tmp/javax.el-impl-3.0.1-b08-jbossorg-18225494223033743607.jar
7f7f38ebd000-7f7f38ec0000 r--s 0000c000 08:21 396732                     /tmp/jboss-jsp-api_2.3_spec-1.0.1.Final2860081880076562244.jar
7f7f38ec0000-7f7f38ec4000 r--s 0002b000 08:21 396730                     /tmp/jboss-servlet-api_3.1_spec-1.0.0.Final4406628691302371836.jar
7f7f38ec4000-7f7f38ecd000 r--s 00064000 08:21 396729                     /tmp/undertow-servlet-1.3.15.Final5284538596703752527.jar
7f7f38ecd000-7f7f38ef3000 r--s 001d8000 08:21 396726                     /tmp/undertow-core-1.3.15.Final5936530343436824986.jar
7f7f38ef3000-7f7f38ef5000 r--s 0000a000 08:21 396725                     /tmp/undertow-2016.84840156744661931940.jar
7f7f38ef5000-7f7f38ef9000 r--s 00006000 08:21 396724                     /tmp/transactions-2016.87988937093329630135.jar
7f7f38ef9000-7f7f38efb000 r--s 00001000 08:21 396721                     /tmp/security-2016.85221326646755481406.jar
7f7f38efb000-7f7f38efd000 r--s 00001000 08:21 396720                     /tmp/request-controller-2016.82530558438920226040.jar
7f7f38efd000-7f7f38efe000 r--s 00001000 08:21 396718                     /tmp/naming-2016.8683470363721809715.jar
7f7f38efe000-7f7f38f00000 r--s 00001000 08:21 396717                     /tmp/mysql-2016.83811542281688762532.jar
7f7f38f00000-7f7f38f03000 ---p 00000000 00:00 0 
7f7f38f03000-7f7f39302000 rw-p 00000000 00:00 0 
7f7f39302000-7f7f39318000 r-xp 00000000 08:21 1596613                    /usr/lib/jvm/java-8-oracle/jre/lib/amd64/libnet.so
7f7f39318000-7f7f39518000 ---p 00016000 08:21 1596613                    /usr/lib/jvm/java-8-oracle/jre/lib/amd64/libnet.so
7f7f39518000-7f7f39519000 rw-p 00016000 08:21 1596613                    /usr/lib/jvm/java-8-oracle/jre/lib/amd64/libnet.so
7f7f39519000-7f7f3952a000 r-xp 00000000 08:21 1596636                    /usr/lib/jvm/java-8-oracle/jre/lib/amd64/libnio.so
7f7f3952a000-7f7f39729000 ---p 00011000 08:21 1596636                    /usr/lib/jvm/java-8-oracle/jre/lib/amd64/libnio.so
7f7f39729000-7f7f3972a000 rw-p 00010000 08:21 1596636                    /usr/lib/jvm/java-8-oracle/jre/lib/amd64/libnio.so
7f7f3972a000-7f7f3972b000 ---p 00000000 00:00 0 
7f7f3972b000-7f7f3982b000 rw-p 00000000 00:00 0 
7f7f3982b000-7f7f3982e000 ---p 00000000 00:00 0 
7f7f3982e000-7f7f3992c000 rw-p 00000000 00:00 0 
7f7f3992c000-7f7f3992f000 ---p 00000000 00:00 0 
7f7f3992f000-7f7f39a2d000 rw-p 00000000 00:00 0 
7f7f39a2d000-7f7f39a30000 ---p 00000000 00:00 0 
7f7f39a30000-7f7f39b2e000 rw-p 00000000 00:00 0 
7f7f39b2e000-7f7f39b31000 ---p 00000000 00:00 0 
7f7f39b31000-7f7f39c2f000 rw-p 00000000 00:00 0 
7f7f39c2f000-7f7f39c32000 ---p 00000000 00:00 0 
7f7f39c32000-7f7f39d30000 rw-p 00000000 00:00 0 
7f7f39d30000-7f7f3a6ef000 r--p 00000000 08:21 1452721                    /usr/lib/locale/locale-archive
7f7f3a6ef000-7f7f3a6f2000 ---p 00000000 00:00 0 
7f7f3a6f2000-7f7f3a7f0000 rw-p 00000000 00:00 0 
7f7f3a7f0000-7f7f3a7f3000 ---p 00000000 00:00 0 
7f7f3a7f3000-7f7f3a8f1000 rw-p 00000000 00:00 0 
7f7f3a8f1000-7f7f3a8f2000 ---p 00000000 00:00 0 
7f7f3a8f2000-7f7f3c000000 rw-p 00000000 00:00 0 
7f7f3c000000-7f7f3c021000 rw-p 00000000 00:00 0 
7f7f3c021000-7f7f40000000 ---p 00000000 00:00 0 
7f7f40000000-7f7f40002000 r--s 00003000 08:21 396715                     /tmp/logging-2016.86243716715463950066.jar
7f7f40002000-7f7f40003000 r--s 00001000 08:21 396710                     /tmp/jca-2016.82662937637528832369.jar
7f7f40003000-7f7f40004000 r--s 00001000 08:21 396705                     /tmp/io-2016.87231425922725042085.jar
7f7f40004000-7f7f40008000 r--s 00005000 08:21 396703                     /tmp/ee-2016.85925423669854669936.jar
7f7f40008000-7f7f4000a000 r--s 00002000 08:21 396702                     /tmp/datasources-2016.86074476924154680206.jar
7f7f4000a000-7f7f4000b000 r--s 00004000 08:21 396699                     /tmp/jboss-annotations-api_1.2_spec-1.0.0.Final5856854927516066224.jar
7f7f4000b000-7f7f4000d000 r--s 00008000 08:21 396698                     /tmp/shrinkwrap-descriptors-spi-2.0.0-alpha-91751582954882418905.jar
7f7f4000d000-7f7f40015000 r--s 00055000 08:21 396696                     /tmp/shrinkwrap-descriptors-impl-jboss-2.0.0-alpha-9536732326409443110.jar
7f7f40015000-7f7f40031000 r--s 0018b000 08:21 396695                     /tmp/shrinkwrap-descriptors-impl-javaee-2.0.0-alpha-93852333414683720978.jar
7f7f40031000-7f7f40033000 r--s 00011000 08:21 396693                     /tmp/shrinkwrap-descriptors-impl-base-2.0.0-alpha-92270154171071194535.jar
7f7f40033000-7f7f4003a000 r--s 0001f000 08:21 396692                     /tmp/shrinkwrap-descriptors-api-jboss-2.0.0-alpha-97599606109802558953.jar
7f7f4003a000-7f7f40063000 r--s 000cb000 08:21 396690                     /tmp/shrinkwrap-descriptors-api-javaee-2.0.0-alpha-97105386457948280582.jar
7f7f40063000-7f7f40065000 r--s 00003000 08:21 396689                     /tmp/shrinkwrap-descriptors-api-base-2.0.0-alpha-94161488177106906310.jar
7f7f40065000-7f7f40067000 r--s 00009000 08:21 396687                     /tmp/spi-1.0.11.Final1920196361037452174.jar
7f7f40067000-7f7f4006a000 r--s 00009000 08:21 396686                     /tmp/config-api-runtime-0.4.49085378537336147243.jar
7f7f4006a000-7f7f4008f000 r--s 00137000 08:21 396685                     /tmp/config-api-0.4.4715185795094558495.jar
7f7f4008f000-7f7f40097000 r--s 00025000 08:21 396684                     /tmp/container-2016.84832502379585740582.jar
7f7f40097000-7f7f400a4000 r--s 00017000 08:21 396682                     /tmp/connector-2016.81894672092137504100.jar
7f7f400a4000-7f7f400a7000 r--s 00f7c000 08:21 396680                     /tmp/produto-1.0.05838845347509596405.war
7f7f400a7000-7f7f400ab000 r--s 00021000 08:21 396678                     /tmp/deltaspike-core-impl-1.7.16452440783188368687.jar
7f7f400ab000-7f7f400b3000 r--s 00036000 08:21 396677                     /tmp/deltaspike-core-api-1.7.16340901855999016044.jar
7f7f400b3000-7f7f400b5000 r--s 00003000 08:21 396676                     /tmp/demoiselle-security-3.0.0-BETA1-SNAPSHOT5747371858138026578.jar
7f7f400b5000-7f7f400ba000 r--s 0002a000 08:21 396675                     /tmp/gson-2.2.25686510482551447536.jar
7f7f400ba000-7f7f400c0000 r--s 00033000 08:21 396674                     /tmp/jose4j-0.4.15597082053148562799.jar
7f7f400c0000-7f7f400c1000 r--s 00001000 08:21 396673                     /tmp/demoiselle-security-jwt-3.0.0-BETA1-SNAPSHOT8426596182827555236.jar
7f7f400c1000-7f7f400c2000 r--s 00004000 08:21 396671                     /tmp/javax.json-api-1.05833676862784451102.jar
7f7f400c2000-7f7f400c4000 r--s 00005000 08:21 396670                     /tmp/demoiselle-core-3.0.0-BETA1-SNAPSHOT4795307693997558682.jar
7f7f400c4000-7f7f400c6000 r--s 00001000 08:21 396668                     /tmp/demoiselle-rest-3.0.0-BETA1-SNAPSHOT5567280626263591356.jar
7f7f400c6000-7f7f400c9000 r--s 00036000 08:21 396666                     /tmp/jboss-javax-sql-api_7.0_spec-2.0.0.Final2977646412791275438.jar
7f7f400c9000-7f7f400ce000 r--s 0002b000 08:21 396664                     /tmp/shrinkwrap-impl-base-1.2.6140616173610865924.jar
7f7f400ce000-7f7f400d0000 r--s 00000000 08:21 396663                     /tmp/shrinkwrap-spi-1.2.63321880558420205539.jar
7f7f400d0000-7f7f400d4000 r--s 0000d000 08:21 396661                     /tmp/shrinkwrap-api-1.2.68254577446793951741.jar
7f7f400d4000-7f7f400d9000 r--s 00034000 08:21 396660                     /tmp/jboss-msc-1.2.6.Final5683356905792419493.jar
7f7f400d9000-7f7f400dd000 r--s 00005000 08:21 396652                     /tmp/ee-2016.83906894206732168587.jar
7f7f400dd000-7f7f400df000 r--s 00001000 08:21 396650                     /tmp/mysql-2016.82358764289358035188.jar
7f7f400df000-7f7f400e0000 r--s 00001000 08:21 396648                     /tmp/jca-2016.83642049788622880812.jar
7f7f400e0000-7f7f400e1000 r--s 00001000 08:21 396646                     /tmp/naming-2016.82312939777704853114.jar
7f7f400e1000-7f7f400e3000 r--s 00000000 08:21 396033                     /tmp/jgroups-module-2016.85593367031448059540.jar
7f7f400e3000-7f7f400e5000 r--s 00003000 08:21 396032                     /tmp/logging-2016.88588204964263551389.jar
7f7f400e5000-7f7f400e6000 r--s 00001000 08:21 395983                     /tmp/io-2016.8599642652368301524.jar
7f7f400e6000-7f7f400ea000 r--s 00006000 08:21 395976                     /tmp/transactions-2016.84814964638968405172.jar
7f7f400ea000-7f7f400ec000 r--s 00001000 08:21 395975                     /tmp/request-controller-2016.87442472299670160577.jar
7f7f400ec000-7f7f401ed000 rw-p 00000000 00:00 0 
7f7f401ed000-7f7f403c6000 r--s 03d29000 08:21 1596557                    /usr/lib/jvm/java-8-oracle/jre/lib/rt.jar
7f7f403c6000-7f7f4083c000 rw-p 00000000 00:00 0 
7f7f4083c000-7f7f4083d000 ---p 00000000 00:00 0 
7f7f4083d000-7f7f4093d000 rw-p 00000000 00:00 0 
7f7f4093d000-7f7f4093e000 ---p 00000000 00:00 0 
7f7f4093e000-7f7f40a3e000 rw-p 00000000 00:00 0 
7f7f40a3e000-7f7f40a3f000 ---p 00000000 00:00 0 
7f7f40a3f000-7f7f40b3f000 rw-p 00000000 00:00 0 
7f7f40b3f000-7f7f40b40000 ---p 00000000 00:00 0 
7f7f40b40000-7f7f40c72000 rw-p 00000000 00:00 0 
7f7f40c72000-7f7f41000000 ---p 00000000 00:00 0 
7f7f41000000-7f7f41c60000 rwxp 00000000 00:00 0 
7f7f41c60000-7f7f50000000 ---p 00000000 00:00 0 
7f7f50000000-7f7f512d6000 rw-p 00000000 00:00 0 
7f7f512d6000-7f7f54000000 ---p 00000000 00:00 0 
7f7f54000000-7f7f54002000 r--s 00001000 08:21 395935                     /tmp/security-2016.83532282309737562373.jar
7f7f54002000-7f7f54004000 r--s 00000000 08:21 395933                     /tmp/config-api-modules-0.4.48786066989340309171.jar
7f7f54004000-7f7f5400c000 r--s 00025000 08:21 395931                     /tmp/container-2016.85712543724641124988.jar
7f7f5400c000-7f7f5400e000 r--s 00002000 08:21 395920                     /tmp/datasources-2016.83814975625268741083.jar
7f7f5400e000-7f7f5401b000 r--s 00017000 08:21 395917                     /tmp/connector-2016.88314003960098115742.jar
7f7f5401b000-7f7f540c5000 rw-p 00000000 00:00 0 
7f7f540c5000-7f7f540df000 r-xp 00000000 08:21 1596634                    /usr/lib/jvm/java-8-oracle/jre/lib/amd64/libzip.so
7f7f540df000-7f7f542df000 ---p 0001a000 08:21 1596634                    /usr/lib/jvm/java-8-oracle/jre/lib/amd64/libzip.so
7f7f542df000-7f7f542e0000 rw-p 0001a000 08:21 1596634                    /usr/lib/jvm/java-8-oracle/jre/lib/amd64/libzip.so
7f7f542e0000-7f7f542eb000 r-xp 00000000 08:21 3682080                    /lib/x86_64-linux-gnu/libnss_files-2.23.so
7f7f542eb000-7f7f544ea000 ---p 0000b000 08:21 3682080                    /lib/x86_64-linux-gnu/libnss_files-2.23.so
7f7f544ea000-7f7f544eb000 r--p 0000a000 08:21 3682080                    /lib/x86_64-linux-gnu/libnss_files-2.23.so
7f7f544eb000-7f7f544ec000 rw-p 0000b000 08:21 3682080                    /lib/x86_64-linux-gnu/libnss_files-2.23.so
7f7f544ec000-7f7f544f2000 rw-p 00000000 00:00 0 
7f7f544f2000-7f7f544fd000 r-xp 00000000 08:21 3682090                    /lib/x86_64-linux-gnu/libnss_nis-2.23.so
7f7f544fd000-7f7f546fc000 ---p 0000b000 08:21 3682090                    /lib/x86_64-linux-gnu/libnss_nis-2.23.so
7f7f546fc000-7f7f546fd000 r--p 0000a000 08:21 3682090                    /lib/x86_64-linux-gnu/libnss_nis-2.23.so
7f7f546fd000-7f7f546fe000 rw-p 0000b000 08:21 3682090                    /lib/x86_64-linux-gnu/libnss_nis-2.23.so
7f7f546fe000-7f7f54714000 r-xp 00000000 08:21 3682074                    /lib/x86_64-linux-gnu/libnsl-2.23.so
7f7f54714000-7f7f54913000 ---p 00016000 08:21 3682074                    /lib/x86_64-linux-gnu/libnsl-2.23.so
7f7f54913000-7f7f54914000 r--p 00015000 08:21 3682074                    /lib/x86_64-linux-gnu/libnsl-2.23.so
7f7f54914000-7f7f54915000 rw-p 00016000 08:21 3682074                    /lib/x86_64-linux-gnu/libnsl-2.23.so
7f7f54915000-7f7f54917000 rw-p 00000000 00:00 0 
7f7f54917000-7f7f5491f000 r-xp 00000000 08:21 3682076                    /lib/x86_64-linux-gnu/libnss_compat-2.23.so
7f7f5491f000-7f7f54b1e000 ---p 00008000 08:21 3682076                    /lib/x86_64-linux-gnu/libnss_compat-2.23.so
7f7f54b1e000-7f7f54b1f000 r--p 00007000 08:21 3682076                    /lib/x86_64-linux-gnu/libnss_compat-2.23.so
7f7f54b1f000-7f7f54b20000 rw-p 00008000 08:21 3682076                    /lib/x86_64-linux-gnu/libnss_compat-2.23.so
7f7f54b20000-7f7f54b4a000 r-xp 00000000 08:21 1596658                    /usr/lib/jvm/java-8-oracle/jre/lib/amd64/libjava.so
7f7f54b4a000-7f7f54d4a000 ---p 0002a000 08:21 1596658                    /usr/lib/jvm/java-8-oracle/jre/lib/amd64/libjava.so
7f7f54d4a000-7f7f54d4c000 rw-p 0002a000 08:21 1596658                    /usr/lib/jvm/java-8-oracle/jre/lib/amd64/libjava.so
7f7f54d4c000-7f7f54d59000 r-xp 00000000 08:21 1596614                    /usr/lib/jvm/java-8-oracle/jre/lib/amd64/libverify.so
7f7f54d59000-7f7f54f59000 ---p 0000d000 08:21 1596614                    /usr/lib/jvm/java-8-oracle/jre/lib/amd64/libverify.so
7f7f54f59000-7f7f54f5b000 rw-p 0000d000 08:21 1596614                    /usr/lib/jvm/java-8-oracle/jre/lib/amd64/libverify.so
7f7f54f5b000-7f7f54f62000 r-xp 00000000 08:21 3682135                    /lib/x86_64-linux-gnu/librt-2.23.so
7f7f54f62000-7f7f55161000 ---p 00007000 08:21 3682135                    /lib/x86_64-linux-gnu/librt-2.23.so
7f7f55161000-7f7f55162000 r--p 00006000 08:21 3682135                    /lib/x86_64-linux-gnu/librt-2.23.so
7f7f55162000-7f7f55163000 rw-p 00007000 08:21 3682135                    /lib/x86_64-linux-gnu/librt-2.23.so
7f7f55163000-7f7f5526b000 r-xp 00000000 08:21 3682051                    /lib/x86_64-linux-gnu/libm-2.23.so
7f7f5526b000-7f7f5546a000 ---p 00108000 08:21 3682051                    /lib/x86_64-linux-gnu/libm-2.23.so
7f7f5546a000-7f7f5546b000 r--p 00107000 08:21 3682051                    /lib/x86_64-linux-gnu/libm-2.23.so
7f7f5546b000-7f7f5546c000 rw-p 00108000 08:21 3682051                    /lib/x86_64-linux-gnu/libm-2.23.so
7f7f5546c000-7f7f56137000 r-xp 00000000 08:21 1596668                    /usr/lib/jvm/java-8-oracle/jre/lib/amd64/server/libjvm.so
7f7f56137000-7f7f56336000 ---p 00ccb000 08:21 1596668                    /usr/lib/jvm/java-8-oracle/jre/lib/amd64/server/libjvm.so
7f7f56336000-7f7f5640f000 rw-p 00cca000 08:21 1596668                    /usr/lib/jvm/java-8-oracle/jre/lib/amd64/server/libjvm.so
7f7f5640f000-7f7f5645a000 rw-p 00000000 00:00 0 
7f7f5645a000-7f7f5661a000 r-xp 00000000 08:21 3681981                    /lib/x86_64-linux-gnu/libc-2.23.so
7f7f5661a000-7f7f56819000 ---p 001c0000 08:21 3681981                    /lib/x86_64-linux-gnu/libc-2.23.so
7f7f56819000-7f7f5681d000 r--p 001bf000 08:21 3681981                    /lib/x86_64-linux-gnu/libc-2.23.so
7f7f5681d000-7f7f5681f000 rw-p 001c3000 08:21 3681981                    /lib/x86_64-linux-gnu/libc-2.23.so
7f7f5681f000-7f7f56823000 rw-p 00000000 00:00 0 
7f7f56823000-7f7f56826000 r-xp 00000000 08:21 3682005                    /lib/x86_64-linux-gnu/libdl-2.23.so
7f7f56826000-7f7f56a25000 ---p 00003000 08:21 3682005                    /lib/x86_64-linux-gnu/libdl-2.23.so
7f7f56a25000-7f7f56a26000 r--p 00002000 08:21 3682005                    /lib/x86_64-linux-gnu/libdl-2.23.so
7f7f56a26000-7f7f56a27000 rw-p 00003000 08:21 3682005                    /lib/x86_64-linux-gnu/libdl-2.23.so
7f7f56a27000-7f7f56a3c000 r-xp 00000000 08:21 1596666                    /usr/lib/jvm/java-8-oracle/jre/lib/amd64/jli/libjli.so
7f7f56a3c000-7f7f56c3c000 ---p 00015000 08:21 1596666                    /usr/lib/jvm/java-8-oracle/jre/lib/amd64/jli/libjli.so
7f7f56c3c000-7f7f56c3d000 rw-p 00015000 08:21 1596666                    /usr/lib/jvm/java-8-oracle/jre/lib/amd64/jli/libjli.so
7f7f56c3d000-7f7f56c55000 r-xp 00000000 08:21 3682127                    /lib/x86_64-linux-gnu/libpthread-2.23.so
7f7f56c55000-7f7f56e54000 ---p 00018000 08:21 3682127                    /lib/x86_64-linux-gnu/libpthread-2.23.so
7f7f56e54000-7f7f56e55000 r--p 00017000 08:21 3682127                    /lib/x86_64-linux-gnu/libpthread-2.23.so
7f7f56e55000-7f7f56e56000 rw-p 00018000 08:21 3682127                    /lib/x86_64-linux-gnu/libpthread-2.23.so
7f7f56e56000-7f7f56e5a000 rw-p 00000000 00:00 0 
7f7f56e5a000-7f7f56e80000 r-xp 00000000 08:21 3681953                    /lib/x86_64-linux-gnu/ld-2.23.so
7f7f56e80000-7f7f56e84000 r--s 00097000 08:21 1596552                    /usr/lib/jvm/java-8-oracle/jre/lib/jsse.jar
7f7f56e84000-7f7f56eaa000 r--s 06cb7000 08:01 6952143                    /home/gladson/NetBeansProjects/github/example-store/backend/produto/target/produto-1.0.0-swarm.jar
7f7f56eaa000-7f7f56f15000 rw-p 00000000 00:00 0 
7f7f56f15000-7f7f56f56000 rw-p 00000000 00:00 0 
7f7f56f56000-7f7f56f59000 ---p 00000000 00:00 0 
7f7f56f59000-7f7f5705b000 rw-p 00000000 00:00 0 
7f7f5705b000-7f7f5705d000 r--s 0000a000 08:21 395918                     /tmp/undertow-2016.88461027093964402036.jar
7f7f5705d000-7f7f57070000 r--s 00345000 08:21 1596576                    /usr/lib/jvm/java-8-oracle/jre/lib/resources.jar
7f7f57070000-7f7f57073000 rw-p 00000000 00:00 0 
7f7f57073000-7f7f5707b000 rw-s 00000000 08:21 395545                     /tmp/hsperfdata_gladson/6725
7f7f5707b000-7f7f5707c000 rw-p 00000000 00:00 0 
7f7f5707c000-7f7f5707d000 r--p 00000000 00:00 0 
7f7f5707d000-7f7f5707f000 rw-p 00000000 00:00 0 
7f7f5707f000-7f7f57080000 r--p 00025000 08:21 3681953                    /lib/x86_64-linux-gnu/ld-2.23.so
7f7f57080000-7f7f57081000 rw-p 00026000 08:21 3681953                    /lib/x86_64-linux-gnu/ld-2.23.so
7f7f57081000-7f7f57082000 rw-p 00000000 00:00 0 
7ffd3e505000-7ffd3e526000 rw-p 00000000 00:00 0                          [stack]
7ffd3e5e9000-7ffd3e5eb000 r--p 00000000 00:00 0                          [vvar]
7ffd3e5eb000-7ffd3e5ed000 r-xp 00000000 00:00 0                          [vdso]
ffffffffff600000-ffffffffff601000 r-xp 00000000 00:00 0                  [vsyscall]

VM Arguments:
jvm_args: -Xmx128m 
java_command: target/produto-1.0.0-swarm.jar
java_class_path (initial): target/produto-1.0.0-swarm.jar
Launcher Type: SUN_STANDARD

Environment Variables:
JAVA_HOME=/usr/lib/jvm/java-8-oracle
PATH=/usr/local/sbin:/usr/local/bin:/usr/sbin:/usr/bin:/sbin:/bin:/usr/games:/usr/local/games:/snap/bin:/usr/lib/jvm/java-8-oracle/bin:/usr/lib/jvm/java-8-oracle/db/bin:/usr/lib/jvm/java-8-oracle/jre/bin:/opt/android-sdk-linux/tools:/opt/android-sdk-linux/platform-tools
SHELL=/bin/bash
DISPLAY=:0

Signal Handlers:
SIGSEGV: [libjvm.so+0xac4790], sa_mask[0]=11111111011111111101111111111110, sa_flags=SA_RESTART|SA_SIGINFO
SIGBUS: [libjvm.so+0xac4790], sa_mask[0]=11111111011111111101111111111110, sa_flags=SA_RESTART|SA_SIGINFO
SIGFPE: [libjvm.so+0x91f140], sa_mask[0]=11111111011111111101111111111110, sa_flags=SA_RESTART|SA_SIGINFO
SIGPIPE: [libjvm.so+0x91f140], sa_mask[0]=11111111011111111101111111111110, sa_flags=SA_RESTART|SA_SIGINFO
SIGXFSZ: [libjvm.so+0x91f140], sa_mask[0]=11111111011111111101111111111110, sa_flags=SA_RESTART|SA_SIGINFO
SIGILL: [libjvm.so+0x91f140], sa_mask[0]=11111111011111111101111111111110, sa_flags=SA_RESTART|SA_SIGINFO
SIGUSR1: SIG_DFL, sa_mask[0]=00000000000000000000000000000000, sa_flags=none
SIGUSR2: [libjvm.so+0x920770], sa_mask[0]=00000000000000000000000000000000, sa_flags=SA_RESTART|SA_SIGINFO
SIGHUP: [libjvm.so+0x921b70], sa_mask[0]=11111111011111111101111111111110, sa_flags=SA_RESTART|SA_SIGINFO
SIGINT: [libjvm.so+0x921b70], sa_mask[0]=11111111011111111101111111111110, sa_flags=SA_RESTART|SA_SIGINFO
SIGTERM: [libjvm.so+0x921b70], sa_mask[0]=11111111011111111101111111111110, sa_flags=SA_RESTART|SA_SIGINFO
SIGQUIT: [libjvm.so+0x921b70], sa_mask[0]=11111111011111111101111111111110, sa_flags=SA_RESTART|SA_SIGINFO


---------------  S Y S T E M  ---------------

OS:DISTRIB_ID=Ubuntu
DISTRIB_RELEASE=16.04
DISTRIB_CODENAME=xenial
DISTRIB_DESCRIPTION="Ubuntu 16.04.1 LTS"

uname:Linux 4.4.0-38-generic #57-Ubuntu SMP Tue Sep 6 15:42:33 UTC 2016 x86_64
libc:glibc 2.23 NPTL 2.23 
rlimit: STACK 8192k, CORE 0k, NPROC 31612, NOFILE 65536, AS infinity
load average:6,01 4,42 2,29

/proc/meminfo:
MemTotal:        8132928 kB
MemFree:          218844 kB
MemAvailable:    2557012 kB
Buffers:          115944 kB
Cached:          2594900 kB
SwapCached:           32 kB
Active:          4906868 kB
Inactive:        2669168 kB
Active(anon):    3923552 kB
Inactive(anon):  1152272 kB
Active(file):     983316 kB
Inactive(file):  1516896 kB
Unevictable:         580 kB
Mlocked:             580 kB
SwapTotal:        102396 kB
SwapFree:          96436 kB
Dirty:            248360 kB
Writeback:             0 kB
AnonPages:       4865944 kB
Mapped:           740824 kB
Shmem:            210464 kB
Slab:             165932 kB
SReclaimable:     114696 kB
SUnreclaim:        51236 kB
KernelStack:       13520 kB
PageTables:        76724 kB
NFS_Unstable:          0 kB
Bounce:                0 kB
WritebackTmp:          0 kB
CommitLimit:     4168860 kB
Committed_AS:    9962596 kB
VmallocTotal:   34359738367 kB
VmallocUsed:           0 kB
VmallocChunk:          0 kB
HardwareCorrupted:     0 kB
AnonHugePages:   2734080 kB
CmaTotal:              0 kB
CmaFree:               0 kB
HugePages_Total:       0
HugePages_Free:        0
HugePages_Rsvd:        0
HugePages_Surp:        0
Hugepagesize:       2048 kB
DirectMap4k:      228072 kB
DirectMap2M:     8118272 kB


CPU:total 4 (4 cores per cpu, 1 threads per core) family 6 model 58 stepping 9, cmov, cx8, fxsr, mmx, sse, sse2, sse3, ssse3, sse4.1, sse4.2, popcnt, avx, aes, clmul, erms, tsc, tscinvbit, tscinv

/proc/cpuinfo:
processor	: 0
vendor_id	: GenuineIntel
cpu family	: 6
model		: 58
model name	: Intel(R) Core(TM) i5-3570K CPU @ 3.40GHz
stepping	: 9
microcode	: 0x1c
cpu MHz		: 3599.882
cache size	: 6144 KB
physical id	: 0
siblings	: 4
core id		: 0
cpu cores	: 4
apicid		: 0
initial apicid	: 0
fpu		: yes
fpu_exception	: yes
cpuid level	: 13
wp		: yes
flags		: fpu vme de pse tsc msr pae mce cx8 apic sep mtrr pge mca cmov pat pse36 clflush dts acpi mmx fxsr sse sse2 ss ht tm pbe syscall nx rdtscp lm constant_tsc arch_perfmon pebs bts rep_good nopl xtopology nonstop_tsc aperfmperf eagerfpu pni pclmulqdq dtes64 monitor ds_cpl vmx est tm2 ssse3 cx16 xtpr pdcm pcid sse4_1 sse4_2 popcnt tsc_deadline_timer aes xsave avx f16c rdrand lahf_lm epb tpr_shadow vnmi flexpriority ept vpid fsgsbase smep erms xsaveopt dtherm ida arat pln pts
bugs		:
bogomips	: 6784.70
clflush size	: 64
cache_alignment	: 64
address sizes	: 36 bits physical, 48 bits virtual
power management:

processor	: 1
vendor_id	: GenuineIntel
cpu family	: 6
model		: 58
model name	: Intel(R) Core(TM) i5-3570K CPU @ 3.40GHz
stepping	: 9
microcode	: 0x1c
cpu MHz		: 3599.882
cache size	: 6144 KB
physical id	: 0
siblings	: 4
core id		: 1
cpu cores	: 4
apicid		: 2
initial apicid	: 2
fpu		: yes
fpu_exception	: yes
cpuid level	: 13
wp		: yes
flags		: fpu vme de pse tsc msr pae mce cx8 apic sep mtrr pge mca cmov pat pse36 clflush dts acpi mmx fxsr sse sse2 ss ht tm pbe syscall nx rdtscp lm constant_tsc arch_perfmon pebs bts rep_good nopl xtopology nonstop_tsc aperfmperf eagerfpu pni pclmulqdq dtes64 monitor ds_cpl vmx est tm2 ssse3 cx16 xtpr pdcm pcid sse4_1 sse4_2 popcnt tsc_deadline_timer aes xsave avx f16c rdrand lahf_lm epb tpr_shadow vnmi flexpriority ept vpid fsgsbase smep erms xsaveopt dtherm ida arat pln pts
bugs		:
bogomips	: 6784.70
clflush size	: 64
cache_alignment	: 64
address sizes	: 36 bits physical, 48 bits virtual
power management:

processor	: 2
vendor_id	: GenuineIntel
cpu family	: 6
model		: 58
model name	: Intel(R) Core(TM) i5-3570K CPU @ 3.40GHz
stepping	: 9
microcode	: 0x1c
cpu MHz		: 3599.882
cache size	: 6144 KB
physical id	: 0
siblings	: 4
core id		: 2
cpu cores	: 4
apicid		: 4
initial apicid	: 4
fpu		: yes
fpu_exception	: yes
cpuid level	: 13
wp		: yes
flags		: fpu vme de pse tsc msr pae mce cx8 apic sep mtrr pge mca cmov pat pse36 clflush dts acpi mmx fxsr sse sse2 ss ht tm pbe syscall nx rdtscp lm constant_tsc arch_perfmon pebs bts rep_good nopl xtopology nonstop_tsc aperfmperf eagerfpu pni pclmulqdq dtes64 monitor ds_cpl vmx est tm2 ssse3 cx16 xtpr pdcm pcid sse4_1 sse4_2 popcnt tsc_deadline_timer aes xsave avx f16c rdrand lahf_lm epb tpr_shadow vnmi flexpriority ept vpid fsgsbase smep erms xsaveopt dtherm ida arat pln pts
bugs		:
bogomips	: 6784.70
clflush size	: 64
cache_alignment	: 64
address sizes	: 36 bits physical, 48 bits virtual
power management:

processor	: 3
vendor_id	: GenuineIntel
cpu family	: 6
model		: 58
model name	: Intel(R) Core(TM) i5-3570K CPU @ 3.40GHz
stepping	: 9
microcode	: 0x1c
cpu MHz		: 3616.351
cache size	: 6144 KB
physical id	: 0
siblings	: 4
core id		: 3
cpu cores	: 4
apicid		: 6
initial apicid	: 6
fpu		: yes
fpu_exception	: yes
cpuid level	: 13
wp		: yes
flags		: fpu vme de pse tsc msr pae mce cx8 apic sep mtrr pge mca cmov pat pse36 clflush dts acpi mmx fxsr sse sse2 ss ht tm pbe syscall nx rdtscp lm constant_tsc arch_perfmon pebs bts rep_good nopl xtopology nonstop_tsc aperfmperf eagerfpu pni pclmulqdq dtes64 monitor ds_cpl vmx est tm2 ssse3 cx16 xtpr pdcm pcid sse4_1 sse4_2 popcnt tsc_deadline_timer aes xsave avx f16c rdrand lahf_lm epb tpr_shadow vnmi flexpriority ept vpid fsgsbase smep erms xsaveopt dtherm ida arat pln pts
bugs		:
bogomips	: 6784.70
clflush size	: 64
cache_alignment	: 64
address sizes	: 36 bits physical, 48 bits virtual
power management:



Memory: 4k page, physical 8132928k(218844k free), swap 102396k(96436k free)

vm_info: Java HotSpot(TM) 64-Bit Server VM (25.101-b13) for linux-amd64 JRE (1.8.0_101-b13), built on Jun 22 2016 02:59:44 by "java_re" with gcc 4.3.0 20080428 (Red Hat 4.3.0-8)

time: Wed Sep 28 21:46:39 2016
elapsed time: 10 seconds (0d 0h 0m 10s)

