#
# A fatal error has been detected by the Java Runtime Environment:
#
#  SIGSEGV (0xb) at pc=0x00007fa0790b02d9, pid=8634, tid=0x00007fa060d60700
#
# JRE version: Java(TM) SE Runtime Environment (8.0_101-b13) (build 1.8.0_101-b13)
# Java VM: Java HotSpot(TM) 64-Bit Server VM (25.101-b13 mixed mode linux-amd64 compressed oops)
# Problematic frame:
# V  [libjvm.so+0x3762d9]  CodeEmitInfo::interpreter_frame_size() const+0x29
#
# Failed to write core dump. Core dumps have been disabled. To enable core dumping, try "ulimit -c unlimited" before starting Java again
#
# If you would like to submit a bug report, please visit:
#   http://bugreport.java.com/bugreport/crash.jsp
#

---------------  T H R E A D  ---------------

Current thread (0x00007fa0740bd000):  JavaThread "C1 CompilerThread2" daemon [_thread_in_native, id=8647, stack(0x00007fa060c60000,0x00007fa060d61000)]

siginfo: si_signo: 11 (SIGSEGV), si_code: 128 (SI_KERNEL), si_addr: 0x0000000000000000

Registers:
RAX=0x08007fa038048ac0, RBX=0x00007fa038036ec0, RCX=0x0000000000000008, RDX=0x00007fa02c09ca90
RSP=0x00007fa060d5efe0, RBP=0x00007fa060d5f010, RSI=0x0000000000000000, RDI=0x00007fa03008cf70
R8 =0x0000000000000000, R9 =0x00007fa038036ec0, R10=0x0000000000000000, R11=0x00007fa079091680
R12=0x0000000000000000, R13=0x0000000000000000, R14=0x00007fa03008cf70, R15=0x00000000000005a2
RIP=0x00007fa0790b02d9, EFLAGS=0x0000000000010202, CSGSFS=0x0000000000000033, ERR=0x0000000000000000
  TRAPNO=0x000000000000000d

Top of Stack: (sp=0x00007fa060d5efe0)
0x00007fa060d5efe0:   00007fa02c0ab770 000000000073900b
0x00007fa060d5eff0:   00007fa03008cf70 0000000000000000
0x00007fa060d5f000:   0000000000000001 00007fa060d5f290
0x00007fa060d5f010:   00007fa060d5f2f0 00007fa0790fefda
0x00007fa060d5f020:   00000000000001e8 00007fa060d5f290
0x00007fa060d5f030:   00007fa060d5f090 00007fa02c0ab770
0x00007fa060d5f040:   00007fa03008ca50 00007fa074105ef0
0x00007fa060d5f050:   01007fa00000003d 00007fa03008d0f0
0x00007fa060d5f060:   0000000300000018 00007fa03008cf70
0x00007fa060d5f070:   00007fa02c0afb60 000000042c07c9c0
0x00007fa060d5f080:   000000000000003c 0000000000000068
0x00007fa060d5f090:   00007fa03008d0f0 0000000000000001
0x00007fa060d5f0a0:   0000000000000000 00007fa03008cf60
0x00007fa060d5f0b0:   00007fa03008cfc8 00007fa03008c800
0x00007fa060d5f0c0:   00007fa02c0540d8 00007fa02c0540e0
0x00007fa060d5f0d0:   00007fa02c0540e8 0000000000000030
0x00007fa060d5f0e0:   00007fa03009c048 0000000000000008
0x00007fa060d5f0f0:   0000000000000030 0000000000000030
0x00007fa060d5f100:   00000000000005f8 00007fa02c07c9c0
0x00007fa060d5f110:   000000000000000b 00007fa079d61222
0x00007fa060d5f120:   00007fa074105ef0 0000000000000000
0x00007fa060d5f130:   0000000000000008 00007fa060d5f270
0x00007fa060d5f140:   00007fa000000048 00007fa03008abf0
0x00007fa060d5f150:   00007fa03008abe8 00007fa03008abf8
0x00007fa060d5f160:   00007fa02c053760 0000000000000060
0x00007fa060d5f170:   ffff805f9f2a0e41 0000000000000008
0x00007fa060d5f180:   0000000000000060 0000000000000001
0x00007fa060d5f190:   00000000000005f8 00007fa02c07c9c0
0x00007fa060d5f1a0:   000000000000000c 00007fa0796e8280
0x00007fa060d5f1b0:   0000000000000000 00007fa030083a90
0x00007fa060d5f1c0:   0000000000000008 00007fa030083a90
0x00007fa060d5f1d0:   00007fa060d5f200 00007fa07902ded8 

Instructions: (pc=0x00007fa0790b02d9)
0x00007fa0790b02b9:   e5 41 56 49 89 fe 41 55 45 31 ed 41 54 53 48 83
0x00007fa0790b02c9:   ec 10 4c 8b 4f 20 49 8b 01 41 8b 71 30 4c 89 cb
0x00007fa0790b02d9:   4c 8b 60 18 41 8b 7c 24 4c 89 fa 29 f2 eb 1d 0f
0x00007fa0790b02e9:   1f 84 00 00 00 00 00 48 8b 03 8b 73 30 31 d2 4d 

Register to memory mapping:

RAX=0x08007fa038048ac0 is an unknown value
RBX=0x00007fa038036ec0 is an unknown value
RCX=0x0000000000000008 is an unknown value
RDX=0x00007fa02c09ca90 is an unknown value
RSP=0x00007fa060d5efe0 is pointing into the stack for thread: 0x00007fa0740bd000
RBP=0x00007fa060d5f010 is pointing into the stack for thread: 0x00007fa0740bd000
RSI=0x0000000000000000 is an unknown value
RDI=0x00007fa03008cf70 is an unknown value
R8 =0x0000000000000000 is an unknown value
R9 =0x00007fa038036ec0 is an unknown value
R10=0x0000000000000000 is an unknown value
R11=0x00007fa079091680: <offset 0x357680> in /usr/lib/jvm/java-8-oracle/jre/lib/amd64/server/libjvm.so at 0x00007fa078d3a000
R12=0x0000000000000000 is an unknown value
R13=0x0000000000000000 is an unknown value
R14=0x00007fa03008cf70 is an unknown value
R15=0x00000000000005a2 is an unknown value


Stack: [0x00007fa060c60000,0x00007fa060d61000],  sp=0x00007fa060d5efe0,  free space=1019k
Native frames: (J=compiled Java code, j=interpreted, Vv=VM code, C=native code)
V  [libjvm.so+0x3762d9]  CodeEmitInfo::interpreter_frame_size() const+0x29
V  [libjvm.so+0x3c4fda]  LinearScan::assign_reg_num(LIR_OpList*, IntervalWalker*)+0x26a
V  [libjvm.so+0x3c56c7]  LinearScan::assign_reg_num()+0x107
V  [libjvm.so+0x3cb5d7]  LinearScan::do_linear_scan()+0xa7
V  [libjvm.so+0x358972]  Compilation::emit_lir()+0x252
V  [libjvm.so+0x35987b]  Compilation::compile_java_method()+0xdb
V  [libjvm.so+0x35993e]  Compilation::compile_method()+0x4e
V  [libjvm.so+0x359cae]  Compilation::Compilation(AbstractCompiler*, ciEnv*, ciMethod*, int, BufferBlob*)+0x25e
V  [libjvm.so+0x35aa59]  Compiler::compile_method(ciEnv*, ciMethod*, int)+0xa9
V  [libjvm.so+0x4af61a]  CompileBroker::invoke_compiler_on_method(CompileTask*)+0xc9a
V  [libjvm.so+0x4b05c6]  CompileBroker::compiler_thread_loop()+0x5d6
V  [libjvm.so+0xa7343f]  JavaThread::thread_main_inner()+0xdf
V  [libjvm.so+0xa7356c]  JavaThread::run()+0x11c
V  [libjvm.so+0x924698]  java_start(Thread*)+0x108
C  [libpthread.so.0+0x76fa]  start_thread+0xca


Current CompileTask:
C1:     96   34       3       sun.nio.cs.UTF_8$Decoder::decode (779 bytes)


---------------  P R O C E S S  ---------------

Java Threads: ( => current thread )
  0x00007fa0740c0800 JavaThread "Service Thread" daemon [_thread_blocked, id=8648, stack(0x00007fa060b5f000,0x00007fa060c60000)]
=>0x00007fa0740bd000 JavaThread "C1 CompilerThread2" daemon [_thread_in_native, id=8647, stack(0x00007fa060c60000,0x00007fa060d61000)]
  0x00007fa0740bb800 JavaThread "C2 CompilerThread1" daemon [_thread_blocked, id=8646, stack(0x00007fa060d61000,0x00007fa060e62000)]
  0x00007fa0740b8800 JavaThread "C2 CompilerThread0" daemon [_thread_blocked, id=8645, stack(0x00007fa060e62000,0x00007fa060f63000)]
  0x00007fa0740b7000 JavaThread "Signal Dispatcher" daemon [_thread_blocked, id=8644, stack(0x00007fa060f63000,0x00007fa061064000)]
  0x00007fa074084000 JavaThread "Finalizer" daemon [_thread_blocked, id=8643, stack(0x00007fa061a23000,0x00007fa061b24000)]
  0x00007fa07407f800 JavaThread "Reference Handler" daemon [_thread_blocked, id=8642, stack(0x00007fa061b24000,0x00007fa061c25000)]
  0x00007fa07400a000 JavaThread "main" [_thread_in_native, id=8636, stack(0x00007fa07a824000,0x00007fa07a925000)]

Other Threads:
  0x00007fa074077800 VMThread [stack: 0x00007fa061c25000,0x00007fa061d26000] [id=8641]
  0x00007fa0740c3000 WatcherThread [stack: 0x00007fa060a5e000,0x00007fa060b5f000] [id=8649]

VM state:not at safepoint (normal execution)

VM Mutex/Monitor currently owned by a thread: None

Heap:
 PSYoungGen      total 37888K, used 1966K [0x00000000d6a00000, 0x00000000d9400000, 0x0000000100000000)
  eden space 32768K, 6% used [0x00000000d6a00000,0x00000000d6beb908,0x00000000d8a00000)
  from space 5120K, 0% used [0x00000000d8f00000,0x00000000d8f00000,0x00000000d9400000)
  to   space 5120K, 0% used [0x00000000d8a00000,0x00000000d8a00000,0x00000000d8f00000)
 ParOldGen       total 86016K, used 0K [0x0000000083e00000, 0x0000000089200000, 0x00000000d6a00000)
  object space 86016K, 0% used [0x0000000083e00000,0x0000000083e00000,0x0000000089200000)
 Metaspace       used 2970K, capacity 4670K, committed 4864K, reserved 1056768K
  class space    used 318K, capacity 426K, committed 512K, reserved 1048576K

Card table byte_map: [0x00007fa06400c000,0x00007fa0643ee000] byte_map_base: 0x00007fa063bed000

Marking Bits: (ParMarkBitMap*) 0x00007fa079cfb120
 Begin Bits: [0x00007fa0581f0000, 0x00007fa05a0f8000)
 End Bits:   [0x00007fa05a0f8000, 0x00007fa05c000000)

Polling page: 0x00007fa07a94a000

CodeCache: size=245760Kb used=1113Kb max_used=1124Kb free=244647Kb
 bounds [0x00007fa0647ae000, 0x00007fa064a1e000, 0x00007fa0737ae000]
 total_blobs=278 nmethods=35 adapters=157
 compilation: enabled

Compilation events (10 events):
Event: 0,085 Thread 0x00007fa0740bd000 nmethod 30 0x00007fa0648c2050 code [0x00007fa0648c21a0, 0x00007fa0648c2310]
Event: 0,086 Thread 0x00007fa0740bd000   32       3       java.lang.String::indexOf (7 bytes)
Event: 0,086 Thread 0x00007fa0740bd000 nmethod 32 0x00007fa0648c3050 code [0x00007fa0648c31c0, 0x00007fa0648c33c8]
Event: 0,086 Thread 0x00007fa0740bd000   33       1       java.net.URL::getHost (5 bytes)
Event: 0,086 Thread 0x00007fa0740bd000 nmethod 33 0x00007fa0648c3450 code [0x00007fa0648c35a0, 0x00007fa0648c36b0]
Event: 0,088 Thread 0x00007fa0740bd000   34       3       sun.nio.cs.UTF_8$Decoder::decode (779 bytes)
Event: 0,088 Thread 0x00007fa0740b8800   44       4       java.lang.String::charAt (29 bytes)
Event: 0,088 Thread 0x00007fa0740b8800 nmethod 44 0x00007fa0648c63d0 code [0x00007fa0648c6520, 0x00007fa0648c65f8]
Event: 0,089 Thread 0x00007fa0740bb800   47       4       java.lang.String::indexOf (70 bytes)
Event: 0,092 Thread 0x00007fa0740bb800 nmethod 47 0x00007fa0648c44d0 code [0x00007fa0648c4620, 0x00007fa0648c47b8]

GC Heap History (0 events):
No events

Deoptimization events (0 events):
No events

Internal exceptions (2 events):
Event: 0,027 Thread 0x00007fa07400a000 Exception <a 'java/lang/NoSuchMethodError': Method sun.misc.Unsafe.defineClass(Ljava/lang/String;[BII)Ljava/lang/Class; name or signature does not match> (0x00000000d6a07cc0) thrown at [/HUDSON3/workspace/8-2-build-linux-amd64/jdk8u101/7261/hotspot/src/sh
Event: 0,027 Thread 0x00007fa07400a000 Exception <a 'java/lang/NoSuchMethodError': Method sun.misc.Unsafe.prefetchRead(Ljava/lang/Object;J)V name or signature does not match> (0x00000000d6a07fa8) thrown at [/HUDSON3/workspace/8-2-build-linux-amd64/jdk8u101/7261/hotspot/src/share/vm/prims/jni.c

Events (10 events):
Event: 0,092 loading class java/util/ArrayList$Itr
Event: 0,092 loading class java/util/ArrayList$Itr done
Event: 0,092 loading class org/apache/maven/cli/MavenCli
Event: 0,092 loading class org/apache/maven/cli/MavenCli done
Event: 0,092 loading class java/util/TreeMap$KeySet
Event: 0,092 loading class java/util/TreeMap$KeySet done
Event: 0,092 loading class java/util/TreeMap$KeyIterator
Event: 0,092 loading class java/util/TreeMap$PrivateEntryIterator
Event: 0,092 loading class java/util/TreeMap$PrivateEntryIterator done
Event: 0,092 loading class java/util/TreeMap$KeyIterator done


Dynamic libraries:
00400000-00401000 r-xp 00000000 08:21 1596530                            /usr/lib/jvm/java-8-oracle/bin/java
00600000-00601000 rw-p 00000000 08:21 1596530                            /usr/lib/jvm/java-8-oracle/bin/java
006e6000-00707000 rw-p 00000000 00:00 0                                  [heap]
83e00000-89200000 rw-p 00000000 00:00 0 
89200000-d6a00000 ---p 00000000 00:00 0 
d6a00000-d9400000 rw-p 00000000 00:00 0 
d9400000-100000000 ---p 00000000 00:00 0 
100000000-100080000 rw-p 00000000 00:00 0 
100080000-140000000 ---p 00000000 00:00 0 
7fa024000000-7fa024021000 rw-p 00000000 00:00 0 
7fa024021000-7fa028000000 ---p 00000000 00:00 0 
7fa028000000-7fa028021000 rw-p 00000000 00:00 0 
7fa028021000-7fa02c000000 ---p 00000000 00:00 0 
7fa02c000000-7fa02c0c9000 rw-p 00000000 00:00 0 
7fa02c0c9000-7fa030000000 ---p 00000000 00:00 0 
7fa030000000-7fa0300d0000 rw-p 00000000 00:00 0 
7fa0300d0000-7fa034000000 ---p 00000000 00:00 0 
7fa034000000-7fa034021000 rw-p 00000000 00:00 0 
7fa034021000-7fa038000000 ---p 00000000 00:00 0 
7fa038000000-7fa038076000 rw-p 00000000 00:00 0 
7fa038076000-7fa03c000000 ---p 00000000 00:00 0 
7fa03c000000-7fa03c021000 rw-p 00000000 00:00 0 
7fa03c021000-7fa040000000 ---p 00000000 00:00 0 
7fa040000000-7fa040021000 rw-p 00000000 00:00 0 
7fa040021000-7fa044000000 ---p 00000000 00:00 0 
7fa044000000-7fa044021000 rw-p 00000000 00:00 0 
7fa044021000-7fa048000000 ---p 00000000 00:00 0 
7fa048000000-7fa048021000 rw-p 00000000 00:00 0 
7fa048021000-7fa04c000000 ---p 00000000 00:00 0 
7fa04c000000-7fa04c021000 rw-p 00000000 00:00 0 
7fa04c021000-7fa050000000 ---p 00000000 00:00 0 
7fa054000000-7fa054021000 rw-p 00000000 00:00 0 
7fa054021000-7fa058000000 ---p 00000000 00:00 0 
7fa0581f0000-7fa05c000000 rw-p 00000000 00:00 0 
7fa05c000000-7fa05c021000 rw-p 00000000 00:00 0 
7fa05c021000-7fa060000000 ---p 00000000 00:00 0 
7fa0607a9000-7fa060a30000 rw-p 00000000 00:00 0 
7fa060a30000-7fa060a5e000 r--s 001c9000 08:21 3157277                    /opt/netbeans-8.1/java/maven/lib/ext/wagon-http-2.8-shaded.jar
7fa060a5e000-7fa060a5f000 ---p 00000000 00:00 0 
7fa060a5f000-7fa060b5f000 rw-p 00000000 00:00 0 
7fa060b5f000-7fa060b62000 ---p 00000000 00:00 0 
7fa060b62000-7fa060c60000 rw-p 00000000 00:00 0 
7fa060c60000-7fa060c63000 ---p 00000000 00:00 0 
7fa060c63000-7fa060d61000 rw-p 00000000 00:00 0 
7fa060d61000-7fa060d64000 ---p 00000000 00:00 0 
7fa060d64000-7fa060e62000 rw-p 00000000 00:00 0 
7fa060e62000-7fa060e65000 ---p 00000000 00:00 0 
7fa060e65000-7fa060f63000 rw-p 00000000 00:00 0 
7fa060f63000-7fa060f66000 ---p 00000000 00:00 0 
7fa060f66000-7fa061064000 rw-p 00000000 00:00 0 
7fa061064000-7fa061a23000 r--p 00000000 08:21 1452721                    /usr/lib/locale/locale-archive
7fa061a23000-7fa061a26000 ---p 00000000 00:00 0 
7fa061a26000-7fa061b24000 rw-p 00000000 00:00 0 
7fa061b24000-7fa061b27000 ---p 00000000 00:00 0 
7fa061b27000-7fa061c25000 rw-p 00000000 00:00 0 
7fa061c25000-7fa061c26000 ---p 00000000 00:00 0 
7fa061c26000-7fa062cb9000 rw-p 00000000 00:00 0 
7fa062cb9000-7fa062e92000 r--s 03d29000 08:21 1596557                    /usr/lib/jvm/java-8-oracle/jre/lib/rt.jar
7fa062e92000-7fa0632d2000 rw-p 00000000 00:00 0 
7fa0632d2000-7fa063692000 ---p 00000000 00:00 0 
7fa063692000-7fa063a73000 rw-p 00000000 00:00 0 
7fa063a73000-7fa063a74000 ---p 00000000 00:00 0 
7fa063a74000-7fa063b74000 rw-p 00000000 00:00 0 
7fa063b74000-7fa063b75000 ---p 00000000 00:00 0 
7fa063b75000-7fa063c75000 rw-p 00000000 00:00 0 
7fa063c75000-7fa063c76000 ---p 00000000 00:00 0 
7fa063c76000-7fa063da0000 rw-p 00000000 00:00 0 
7fa063da0000-7fa06400c000 ---p 00000000 00:00 0 
7fa06400c000-7fa064036000 rw-p 00000000 00:00 0 
7fa064036000-7fa0642a2000 ---p 00000000 00:00 0 
7fa0642a2000-7fa0642b7000 rw-p 00000000 00:00 0 
7fa0642b7000-7fa0643ed000 ---p 00000000 00:00 0 
7fa0643ed000-7fa0643f8000 rw-p 00000000 00:00 0 
7fa0643f8000-7fa0647ae000 ---p 00000000 00:00 0 
7fa0647ae000-7fa064a1e000 rwxp 00000000 00:00 0 
7fa064a1e000-7fa0737ae000 ---p 00000000 00:00 0 
7fa0737ae000-7fa0737c8000 r-xp 00000000 08:21 1596634                    /usr/lib/jvm/java-8-oracle/jre/lib/amd64/libzip.so
7fa0737c8000-7fa0739c8000 ---p 0001a000 08:21 1596634                    /usr/lib/jvm/java-8-oracle/jre/lib/amd64/libzip.so
7fa0739c8000-7fa0739c9000 rw-p 0001a000 08:21 1596634                    /usr/lib/jvm/java-8-oracle/jre/lib/amd64/libzip.so
7fa0739c9000-7fa0739d4000 r-xp 00000000 08:21 3682080                    /lib/x86_64-linux-gnu/libnss_files-2.23.so
7fa0739d4000-7fa073bd3000 ---p 0000b000 08:21 3682080                    /lib/x86_64-linux-gnu/libnss_files-2.23.so
7fa073bd3000-7fa073bd4000 r--p 0000a000 08:21 3682080                    /lib/x86_64-linux-gnu/libnss_files-2.23.so
7fa073bd4000-7fa073bd5000 rw-p 0000b000 08:21 3682080                    /lib/x86_64-linux-gnu/libnss_files-2.23.so
7fa073bd5000-7fa073bdb000 rw-p 00000000 00:00 0 
7fa073bdb000-7fa073be6000 r-xp 00000000 08:21 3682090                    /lib/x86_64-linux-gnu/libnss_nis-2.23.so
7fa073be6000-7fa073de5000 ---p 0000b000 08:21 3682090                    /lib/x86_64-linux-gnu/libnss_nis-2.23.so
7fa073de5000-7fa073de6000 r--p 0000a000 08:21 3682090                    /lib/x86_64-linux-gnu/libnss_nis-2.23.so
7fa073de6000-7fa073de7000 rw-p 0000b000 08:21 3682090                    /lib/x86_64-linux-gnu/libnss_nis-2.23.so
7fa073de7000-7fa073dfd000 r-xp 00000000 08:21 3682074                    /lib/x86_64-linux-gnu/libnsl-2.23.so
7fa073dfd000-7fa073ffc000 ---p 00016000 08:21 3682074                    /lib/x86_64-linux-gnu/libnsl-2.23.so
7fa073ffc000-7fa073ffd000 r--p 00015000 08:21 3682074                    /lib/x86_64-linux-gnu/libnsl-2.23.so
7fa073ffd000-7fa073ffe000 rw-p 00016000 08:21 3682074                    /lib/x86_64-linux-gnu/libnsl-2.23.so
7fa073ffe000-7fa074000000 rw-p 00000000 00:00 0 
7fa074000000-7fa0741b6000 rw-p 00000000 00:00 0 
7fa0741b6000-7fa078000000 ---p 00000000 00:00 0 
7fa078010000-7fa078018000 r--s 00050000 08:21 3157308                    /opt/netbeans-8.1/java/maven/lib/sisu-guice-3.1.0-no_aop.jar
7fa078018000-7fa07801f000 r--s 0002b000 08:21 3157297                    /opt/netbeans-8.1/java/maven/lib/sisu-inject-plexus-2.3.0.jar
7fa07801f000-7fa0780e4000 rw-p 00000000 00:00 0 
7fa0780e4000-7fa0780e5000 ---p 00000000 00:00 0 
7fa0780e5000-7fa0781e5000 rw-p 00000000 00:00 0 
7fa0781e5000-7fa0781ed000 r-xp 00000000 08:21 3682076                    /lib/x86_64-linux-gnu/libnss_compat-2.23.so
7fa0781ed000-7fa0783ec000 ---p 00008000 08:21 3682076                    /lib/x86_64-linux-gnu/libnss_compat-2.23.so
7fa0783ec000-7fa0783ed000 r--p 00007000 08:21 3682076                    /lib/x86_64-linux-gnu/libnss_compat-2.23.so
7fa0783ed000-7fa0783ee000 rw-p 00008000 08:21 3682076                    /lib/x86_64-linux-gnu/libnss_compat-2.23.so
7fa0783ee000-7fa078418000 r-xp 00000000 08:21 1596658                    /usr/lib/jvm/java-8-oracle/jre/lib/amd64/libjava.so
7fa078418000-7fa078618000 ---p 0002a000 08:21 1596658                    /usr/lib/jvm/java-8-oracle/jre/lib/amd64/libjava.so
7fa078618000-7fa07861a000 rw-p 0002a000 08:21 1596658                    /usr/lib/jvm/java-8-oracle/jre/lib/amd64/libjava.so
7fa07861a000-7fa078627000 r-xp 00000000 08:21 1596614                    /usr/lib/jvm/java-8-oracle/jre/lib/amd64/libverify.so
7fa078627000-7fa078827000 ---p 0000d000 08:21 1596614                    /usr/lib/jvm/java-8-oracle/jre/lib/amd64/libverify.so
7fa078827000-7fa078829000 rw-p 0000d000 08:21 1596614                    /usr/lib/jvm/java-8-oracle/jre/lib/amd64/libverify.so
7fa078829000-7fa078830000 r-xp 00000000 08:21 3682135                    /lib/x86_64-linux-gnu/librt-2.23.so
7fa078830000-7fa078a2f000 ---p 00007000 08:21 3682135                    /lib/x86_64-linux-gnu/librt-2.23.so
7fa078a2f000-7fa078a30000 r--p 00006000 08:21 3682135                    /lib/x86_64-linux-gnu/librt-2.23.so
7fa078a30000-7fa078a31000 rw-p 00007000 08:21 3682135                    /lib/x86_64-linux-gnu/librt-2.23.so
7fa078a31000-7fa078b39000 r-xp 00000000 08:21 3682051                    /lib/x86_64-linux-gnu/libm-2.23.so
7fa078b39000-7fa078d38000 ---p 00108000 08:21 3682051                    /lib/x86_64-linux-gnu/libm-2.23.so
7fa078d38000-7fa078d39000 r--p 00107000 08:21 3682051                    /lib/x86_64-linux-gnu/libm-2.23.so
7fa078d39000-7fa078d3a000 rw-p 00108000 08:21 3682051                    /lib/x86_64-linux-gnu/libm-2.23.so
7fa078d3a000-7fa079a05000 r-xp 00000000 08:21 1596668                    /usr/lib/jvm/java-8-oracle/jre/lib/amd64/server/libjvm.so
7fa079a05000-7fa079c04000 ---p 00ccb000 08:21 1596668                    /usr/lib/jvm/java-8-oracle/jre/lib/amd64/server/libjvm.so
7fa079c04000-7fa079cdd000 rw-p 00cca000 08:21 1596668                    /usr/lib/jvm/java-8-oracle/jre/lib/amd64/server/libjvm.so
7fa079cdd000-7fa079d28000 rw-p 00000000 00:00 0 
7fa079d28000-7fa079ee8000 r-xp 00000000 08:21 3681981                    /lib/x86_64-linux-gnu/libc-2.23.so
7fa079ee8000-7fa07a0e7000 ---p 001c0000 08:21 3681981                    /lib/x86_64-linux-gnu/libc-2.23.so
7fa07a0e7000-7fa07a0eb000 r--p 001bf000 08:21 3681981                    /lib/x86_64-linux-gnu/libc-2.23.so
7fa07a0eb000-7fa07a0ed000 rw-p 001c3000 08:21 3681981                    /lib/x86_64-linux-gnu/libc-2.23.so
7fa07a0ed000-7fa07a0f1000 rw-p 00000000 00:00 0 
7fa07a0f1000-7fa07a0f4000 r-xp 00000000 08:21 3682005                    /lib/x86_64-linux-gnu/libdl-2.23.so
7fa07a0f4000-7fa07a2f3000 ---p 00003000 08:21 3682005                    /lib/x86_64-linux-gnu/libdl-2.23.so
7fa07a2f3000-7fa07a2f4000 r--p 00002000 08:21 3682005                    /lib/x86_64-linux-gnu/libdl-2.23.so
7fa07a2f4000-7fa07a2f5000 rw-p 00003000 08:21 3682005                    /lib/x86_64-linux-gnu/libdl-2.23.so
7fa07a2f5000-7fa07a30a000 r-xp 00000000 08:21 1595820                    /usr/lib/jvm/java-8-oracle/lib/amd64/jli/libjli.so
7fa07a30a000-7fa07a50a000 ---p 00015000 08:21 1595820                    /usr/lib/jvm/java-8-oracle/lib/amd64/jli/libjli.so
7fa07a50a000-7fa07a50b000 rw-p 00015000 08:21 1595820                    /usr/lib/jvm/java-8-oracle/lib/amd64/jli/libjli.so
7fa07a50b000-7fa07a523000 r-xp 00000000 08:21 3682127                    /lib/x86_64-linux-gnu/libpthread-2.23.so
7fa07a523000-7fa07a722000 ---p 00018000 08:21 3682127                    /lib/x86_64-linux-gnu/libpthread-2.23.so
7fa07a722000-7fa07a723000 r--p 00017000 08:21 3682127                    /lib/x86_64-linux-gnu/libpthread-2.23.so
7fa07a723000-7fa07a724000 rw-p 00018000 08:21 3682127                    /lib/x86_64-linux-gnu/libpthread-2.23.so
7fa07a724000-7fa07a728000 rw-p 00000000 00:00 0 
7fa07a728000-7fa07a74e000 r-xp 00000000 08:21 3681953                    /lib/x86_64-linux-gnu/ld-2.23.so
7fa07a74f000-7fa07a753000 r--s 00021000 08:21 3157274                    /opt/netbeans-8.1/java/maven/lib/maven-model-builder-3.0.5.jar
7fa07a753000-7fa07a759000 r--s 0003f000 08:21 3157351                    /opt/netbeans-8.1/java/maven/lib/maven-compat-3.0.5.jar
7fa07a759000-7fa07a824000 rw-p 00000000 00:00 0 
7fa07a824000-7fa07a827000 ---p 00000000 00:00 0 
7fa07a827000-7fa07a929000 rw-p 00000000 00:00 0 
7fa07a92b000-7fa07a92c000 r--s 00003000 08:21 3157357                    /opt/netbeans-8.1/java/maven/lib/aether-spi-1.13.1.jar
7fa07a92c000-7fa07a92e000 r--s 00006000 08:21 3157126                    /opt/netbeans-8.1/java/maven/lib/maven-repository-metadata-3.0.5.jar
7fa07a92e000-7fa07a930000 r--s 00006000 08:21 3157192                    /opt/netbeans-8.1/java/maven/lib/aether-connector-wagon-1.13.1.jar
7fa07a930000-7fa07a933000 r--s 0001d000 08:21 3157349                    /opt/netbeans-8.1/java/maven/lib/aether-impl-1.13.1.jar
7fa07a933000-7fa07a934000 r--s 0000a000 08:21 3157336                    /opt/netbeans-8.1/java/maven/lib/maven-embedder-3.0.5.jar
7fa07a934000-7fa07a936000 r--s 0000b000 08:21 3157320                    /opt/netbeans-8.1/java/maven/lib/wagon-provider-api-2.4.jar
7fa07a936000-7fa07a938000 r--s 00009000 08:21 3157365                    /opt/netbeans-8.1/java/maven/lib/commons-cli-1.2.jar
7fa07a938000-7fa07a939000 r--s 00002000 08:21 3157367                    /opt/netbeans-8.1/java/maven/lib/wagon-file-2.4.jar
7fa07a939000-7fa07a93d000 r--s 00013000 08:21 3157356                    /opt/netbeans-8.1/java/maven/lib/aether-api-1.13.1.jar
7fa07a93d000-7fa07a93f000 r--s 00026000 08:21 3157354                    /opt/netbeans-8.1/java/maven/lib/maven-model-3.0.5.jar
7fa07a93f000-7fa07a941000 r--s 0000a000 08:21 3157310                    /opt/netbeans-8.1/java/maven/boot/plexus-classworlds-2.4.jar
7fa07a941000-7fa07a949000 rw-s 00000000 08:21 394007                     /tmp/hsperfdata_gladson/8634
7fa07a949000-7fa07a94a000 rw-p 00000000 00:00 0 
7fa07a94a000-7fa07a94b000 r--p 00000000 00:00 0 
7fa07a94b000-7fa07a94d000 rw-p 00000000 00:00 0 
7fa07a94d000-7fa07a94e000 r--p 00025000 08:21 3681953                    /lib/x86_64-linux-gnu/ld-2.23.so
7fa07a94e000-7fa07a94f000 rw-p 00026000 08:21 3681953                    /lib/x86_64-linux-gnu/ld-2.23.so
7fa07a94f000-7fa07a950000 rw-p 00000000 00:00 0 
7fff9f374000-7fff9f395000 rw-p 00000000 00:00 0                          [stack]
7fff9f3ac000-7fff9f3ae000 r--p 00000000 00:00 0                          [vvar]
7fff9f3ae000-7fff9f3b0000 r-xp 00000000 00:00 0                          [vdso]
ffffffffff600000-ffffffffff601000 r-xp 00000000 00:00 0                  [vsyscall]

VM Arguments:
jvm_args: -Dclassworlds.conf=/opt/netbeans-8.1/java/maven/bin/m2.conf -Dmaven.home=/opt/netbeans-8.1/java/maven 
java_command: org.codehaus.plexus.classworlds.launcher.Launcher -Dnetbeans.deploy.debugmode=true -Dnetbeans.deploy=true -Dmaven.ext.class.path=/opt/netbeans-8.1/java/maven-nblib/netbeans-eventspy.jar package
java_class_path (initial): /opt/netbeans-8.1/java/maven/boot/plexus-classworlds-2.4.jar
Launcher Type: SUN_STANDARD

Environment Variables:
JAVA_HOME=/usr/lib/jvm/java-8-oracle
PATH=/usr/local/sbin:/usr/local/bin:/usr/sbin:/usr/bin:/sbin:/bin:/usr/games:/usr/local/games:/snap/bin:/usr/lib/jvm/java-8-oracle/bin:/usr/lib/jvm/java-8-oracle/db/bin:/usr/lib/jvm/java-8-oracle/jre/bin
LD_LIBRARY_PATH=/usr/lib/jvm/java-8-oracle/jre/lib/amd64:/usr/lib/jvm/java-8-oracle/jre/lib/i386:
SHELL=/bin/bash
DISPLAY=:0

Signal Handlers:
SIGSEGV: [libjvm.so+0xac4790], sa_mask[0]=11111111011111111101111111111110, sa_flags=SA_RESTART|SA_SIGINFO
SIGBUS: [libjvm.so+0xac4790], sa_mask[0]=11111111011111111101111111111110, sa_flags=SA_RESTART|SA_SIGINFO
SIGFPE: [libjvm.so+0x91f140], sa_mask[0]=11111111011111111101111111111110, sa_flags=SA_RESTART|SA_SIGINFO
SIGPIPE: [libjvm.so+0x91f140], sa_mask[0]=11111111011111111101111111111110, sa_flags=SA_RESTART|SA_SIGINFO
SIGXFSZ: [libjvm.so+0x91f140], sa_mask[0]=11111111011111111101111111111110, sa_flags=SA_RESTART|SA_SIGINFO
SIGILL: [libjvm.so+0x91f140], sa_mask[0]=11111111011111111101111111111110, sa_flags=SA_RESTART|SA_SIGINFO
SIGUSR1: SIG_DFL, sa_mask[0]=00000000000000000000000000000000, sa_flags=none
SIGUSR2: [libjvm.so+0x920770], sa_mask[0]=00100000000000000000000000000000, sa_flags=SA_RESTART|SA_SIGINFO
SIGHUP: [libjvm.so+0x921b70], sa_mask[0]=11111111011111111101111111111110, sa_flags=SA_RESTART|SA_SIGINFO
SIGINT: SIG_IGN, sa_mask[0]=00000000000000000000000000000000, sa_flags=none
SIGTERM: [libjvm.so+0x921b70], sa_mask[0]=11111111011111111101111111111110, sa_flags=SA_RESTART|SA_SIGINFO
SIGQUIT: [libjvm.so+0x921b70], sa_mask[0]=11111111011111111101111111111110, sa_flags=SA_RESTART|SA_SIGINFO


---------------  S Y S T E M  ---------------

OS:DISTRIB_ID=Ubuntu
DISTRIB_RELEASE=16.04
DISTRIB_CODENAME=xenial
DISTRIB_DESCRIPTION="Ubuntu 16.04.1 LTS"

uname:Linux 4.4.0-38-generic #57-Ubuntu SMP Tue Sep 6 15:42:33 UTC 2016 x86_64
libc:glibc 2.23 NPTL 2.23 
rlimit: STACK 8192k, CORE 0k, NPROC 31612, NOFILE 65536, AS infinity
load average:2,60 1,12 0,62

/proc/meminfo:
MemTotal:        8132928 kB
MemFree:         1377196 kB
MemAvailable:    4002440 kB
Buffers:          654384 kB
Cached:          1957148 kB
SwapCached:            0 kB
Active:          5020092 kB
Inactive:        1126308 kB
Active(anon):    3537784 kB
Inactive(anon):    82524 kB
Active(file):    1482308 kB
Inactive(file):  1043784 kB
Unevictable:        1468 kB
Mlocked:            1468 kB
SwapTotal:        102396 kB
SwapFree:         102396 kB
Dirty:              3872 kB
Writeback:             4 kB
AnonPages:       3536352 kB
Mapped:           468364 kB
Shmem:             85448 kB
Slab:             452052 kB
SReclaimable:     403016 kB
SUnreclaim:        49036 kB
KernelStack:       13344 kB
PageTables:        67588 kB
NFS_Unstable:          0 kB
Bounce:                0 kB
WritebackTmp:          0 kB
CommitLimit:     4168860 kB
Committed_AS:    8852484 kB
VmallocTotal:   34359738367 kB
VmallocUsed:           0 kB
VmallocChunk:          0 kB
HardwareCorrupted:     0 kB
AnonHugePages:   1464320 kB
CmaTotal:              0 kB
CmaFree:               0 kB
HugePages_Total:       0
HugePages_Free:        0
HugePages_Rsvd:        0
HugePages_Surp:        0
Hugepagesize:       2048 kB
DirectMap4k:      166632 kB
DirectMap2M:     8179712 kB


CPU:total 4 (4 cores per cpu, 1 threads per core) family 6 model 58 stepping 9, cmov, cx8, fxsr, mmx, sse, sse2, sse3, ssse3, sse4.1, sse4.2, popcnt, avx, aes, clmul, erms, tsc, tscinvbit, tscinv

/proc/cpuinfo:
processor	: 0
vendor_id	: GenuineIntel
cpu family	: 6
model		: 58
model name	: Intel(R) Core(TM) i5-3570K CPU @ 3.40GHz
stepping	: 9
microcode	: 0x1c
cpu MHz		: 2699.812
cache size	: 6144 KB
physical id	: 0
siblings	: 4
core id		: 0
cpu cores	: 4
apicid		: 0
initial apicid	: 0
fpu		: yes
fpu_exception	: yes
cpuid level	: 13
wp		: yes
flags		: fpu vme de pse tsc msr pae mce cx8 apic sep mtrr pge mca cmov pat pse36 clflush dts acpi mmx fxsr sse sse2 ss ht tm pbe syscall nx rdtscp lm constant_tsc arch_perfmon pebs bts rep_good nopl xtopology nonstop_tsc aperfmperf eagerfpu pni pclmulqdq dtes64 monitor ds_cpl vmx est tm2 ssse3 cx16 xtpr pdcm pcid sse4_1 sse4_2 popcnt tsc_deadline_timer aes xsave avx f16c rdrand lahf_lm epb tpr_shadow vnmi flexpriority ept vpid fsgsbase smep erms xsaveopt dtherm ida arat pln pts
bugs		:
bogomips	: 6784.68
clflush size	: 64
cache_alignment	: 64
address sizes	: 36 bits physical, 48 bits virtual
power management:

processor	: 1
vendor_id	: GenuineIntel
cpu family	: 6
model		: 58
model name	: Intel(R) Core(TM) i5-3570K CPU @ 3.40GHz
stepping	: 9
microcode	: 0x1c
cpu MHz		: 2699.679
cache size	: 6144 KB
physical id	: 0
siblings	: 4
core id		: 1
cpu cores	: 4
apicid		: 2
initial apicid	: 2
fpu		: yes
fpu_exception	: yes
cpuid level	: 13
wp		: yes
flags		: fpu vme de pse tsc msr pae mce cx8 apic sep mtrr pge mca cmov pat pse36 clflush dts acpi mmx fxsr sse sse2 ss ht tm pbe syscall nx rdtscp lm constant_tsc arch_perfmon pebs bts rep_good nopl xtopology nonstop_tsc aperfmperf eagerfpu pni pclmulqdq dtes64 monitor ds_cpl vmx est tm2 ssse3 cx16 xtpr pdcm pcid sse4_1 sse4_2 popcnt tsc_deadline_timer aes xsave avx f16c rdrand lahf_lm epb tpr_shadow vnmi flexpriority ept vpid fsgsbase smep erms xsaveopt dtherm ida arat pln pts
bugs		:
bogomips	: 6784.68
clflush size	: 64
cache_alignment	: 64
address sizes	: 36 bits physical, 48 bits virtual
power management:

processor	: 2
vendor_id	: GenuineIntel
cpu family	: 6
model		: 58
model name	: Intel(R) Core(TM) i5-3570K CPU @ 3.40GHz
stepping	: 9
microcode	: 0x1c
cpu MHz		: 2699.812
cache size	: 6144 KB
physical id	: 0
siblings	: 4
core id		: 2
cpu cores	: 4
apicid		: 4
initial apicid	: 4
fpu		: yes
fpu_exception	: yes
cpuid level	: 13
wp		: yes
flags		: fpu vme de pse tsc msr pae mce cx8 apic sep mtrr pge mca cmov pat pse36 clflush dts acpi mmx fxsr sse sse2 ss ht tm pbe syscall nx rdtscp lm constant_tsc arch_perfmon pebs bts rep_good nopl xtopology nonstop_tsc aperfmperf eagerfpu pni pclmulqdq dtes64 monitor ds_cpl vmx est tm2 ssse3 cx16 xtpr pdcm pcid sse4_1 sse4_2 popcnt tsc_deadline_timer aes xsave avx f16c rdrand lahf_lm epb tpr_shadow vnmi flexpriority ept vpid fsgsbase smep erms xsaveopt dtherm ida arat pln pts
bugs		:
bogomips	: 6784.68
clflush size	: 64
cache_alignment	: 64
address sizes	: 36 bits physical, 48 bits virtual
power management:

processor	: 3
vendor_id	: GenuineIntel
cpu family	: 6
model		: 58
model name	: Intel(R) Core(TM) i5-3570K CPU @ 3.40GHz
stepping	: 9
microcode	: 0x1c
cpu MHz		: 2671.921
cache size	: 6144 KB
physical id	: 0
siblings	: 4
core id		: 3
cpu cores	: 4
apicid		: 6
initial apicid	: 6
fpu		: yes
fpu_exception	: yes
cpuid level	: 13
wp		: yes
flags		: fpu vme de pse tsc msr pae mce cx8 apic sep mtrr pge mca cmov pat pse36 clflush dts acpi mmx fxsr sse sse2 ss ht tm pbe syscall nx rdtscp lm constant_tsc arch_perfmon pebs bts rep_good nopl xtopology nonstop_tsc aperfmperf eagerfpu pni pclmulqdq dtes64 monitor ds_cpl vmx est tm2 ssse3 cx16 xtpr pdcm pcid sse4_1 sse4_2 popcnt tsc_deadline_timer aes xsave avx f16c rdrand lahf_lm epb tpr_shadow vnmi flexpriority ept vpid fsgsbase smep erms xsaveopt dtherm ida arat pln pts
bugs		:
bogomips	: 6784.68
clflush size	: 64
cache_alignment	: 64
address sizes	: 36 bits physical, 48 bits virtual
power management:



Memory: 4k page, physical 8132928k(1377196k free), swap 102396k(102396k free)

vm_info: Java HotSpot(TM) 64-Bit Server VM (25.101-b13) for linux-amd64 JRE (1.8.0_101-b13), built on Jun 22 2016 02:59:44 by "java_re" with gcc 4.3.0 20080428 (Red Hat 4.3.0-8)

time: Wed Sep 28 19:38:16 2016
elapsed time: 0 seconds (0d 0h 0m 0s)

