2016/10/03 13:58:25 INFO  - jmeter.util.JMeterUtils: Setting Locale to pt_BR 
2016/10/03 13:58:25 INFO  - jmeter.JMeter: Loading user properties from: /opt/apache-jmeter-3.0/bin/user.properties 
2016/10/03 13:58:25 INFO  - jmeter.JMeter: Loading system properties from: /opt/apache-jmeter-3.0/bin/system.properties 
2016/10/03 13:58:25 INFO  - jmeter.JMeter: Copyright (c) 1998-2016 The Apache Software Foundation 
2016/10/03 13:58:25 INFO  - jmeter.JMeter: Version 3.0 r1743807 
2016/10/03 13:58:25 INFO  - jmeter.JMeter: java.version=1.8.0_101 
2016/10/03 13:58:25 INFO  - jmeter.JMeter: java.vm.name=Java HotSpot(TM) 64-Bit Server VM 
2016/10/03 13:58:25 INFO  - jmeter.JMeter: os.name=Linux 
2016/10/03 13:58:25 INFO  - jmeter.JMeter: os.arch=amd64 
2016/10/03 13:58:25 INFO  - jmeter.JMeter: os.version=4.4.0-28-generic 
2016/10/03 13:58:25 INFO  - jmeter.JMeter: file.encoding=UTF-8 
2016/10/03 13:58:25 INFO  - jmeter.JMeter: Max memory     =1851260928 
2016/10/03 13:58:25 INFO  - jmeter.JMeter: Available Processors =4 
2016/10/03 13:58:25 INFO  - jmeter.JMeter: Default Locale=português (Brasil) 
2016/10/03 13:58:25 INFO  - jmeter.JMeter: JMeter  Locale=português (Brasil) 
2016/10/03 13:58:25 INFO  - jmeter.JMeter: JMeterHome=/opt/apache-jmeter-3.0 
2016/10/03 13:58:25 INFO  - jmeter.JMeter: user.dir  =/home/70744416353/NetBeansProjects/github/example-store 
2016/10/03 13:58:25 INFO  - jmeter.JMeter: PWD       =/home/70744416353/NetBeansProjects/github/example-store 
2016/10/03 13:58:25 INFO  - jmeter.JMeter: IP: 127.0.1.1 Name: serpro-1548842 FullName: serpro-1548842 
2016/10/03 13:58:26 INFO  - jmeter.gui.action.LookAndFeelCommand: Using look and feel: javax.swing.plaf.metal.MetalLookAndFeel [Metal, CrossPlatform] 
2016/10/03 13:58:26 INFO  - jmeter.JMeter: Loaded icon properties from org/apache/jmeter/images/icon.properties 
2016/10/03 13:58:27 INFO  - jmeter.engine.util.CompoundVariable: Note: Function class names must contain the string: '.functions.' 
2016/10/03 13:58:27 INFO  - jmeter.engine.util.CompoundVariable: Note: Function class names must not contain the string: '.gui.' 
2016/10/03 13:58:30 INFO  - jmeter.util.BSFTestElement: Registering JMeter version of JavaScript engine as work-round for BSF-22 
2016/10/03 13:58:30 INFO  - jmeter.protocol.http.sampler.HTTPSamplerBase: Parser for text/html is org.apache.jmeter.protocol.http.parser.LagartoBasedHtmlParser 
2016/10/03 13:58:30 INFO  - jmeter.protocol.http.sampler.HTTPSamplerBase: Parser for application/xhtml+xml is org.apache.jmeter.protocol.http.parser.LagartoBasedHtmlParser 
2016/10/03 13:58:30 INFO  - jmeter.protocol.http.sampler.HTTPSamplerBase: Parser for application/xml is org.apache.jmeter.protocol.http.parser.LagartoBasedHtmlParser 
2016/10/03 13:58:30 INFO  - jmeter.protocol.http.sampler.HTTPSamplerBase: Parser for text/xml is org.apache.jmeter.protocol.http.parser.LagartoBasedHtmlParser 
2016/10/03 13:58:30 INFO  - jmeter.protocol.http.sampler.HTTPSamplerBase: Parser for text/vnd.wap.wml is org.apache.jmeter.protocol.http.parser.RegexpHTMLParser 
2016/10/03 13:58:30 INFO  - jmeter.protocol.http.sampler.HTTPSamplerBase: Parser for text/css is org.apache.jmeter.protocol.http.parser.CssParser 
2016/10/03 13:58:32 INFO  - jorphan.exec.KeyToolUtils: keytool found at 'keytool' 
2016/10/03 13:58:32 INFO  - jmeter.protocol.http.proxy.ProxyControl: HTTP(S) Test Script Recorder SSL Proxy will use keys that support embedded 3rd party resources in file /opt/apache-jmeter-3.0/bin/proxyserver.jks 
2016/10/03 13:58:32 INFO  - jmeter.gui.util.MenuFactory: Skipping org.apache.jmeter.protocol.mongodb.config.MongoSourceElement 
2016/10/03 13:58:32 INFO  - jmeter.gui.util.MenuFactory: Skipping org.apache.jmeter.protocol.mongodb.sampler.MongoScriptSampler 
2016/10/03 13:58:32 INFO  - jmeter.gui.util.MenuFactory: Skipping org.apache.jmeter.visualizers.DistributionGraphVisualizer 
2016/10/03 13:58:32 INFO  - jmeter.samplers.SampleResult: Note: Sample TimeStamps are START times 
2016/10/03 13:58:32 INFO  - jmeter.samplers.SampleResult: sampleresult.default.encoding is set to ISO-8859-1 
2016/10/03 13:58:32 INFO  - jmeter.samplers.SampleResult: sampleresult.useNanoTime=true 
2016/10/03 13:58:32 INFO  - jmeter.samplers.SampleResult: sampleresult.nanoThreadSleep=5000 
2016/10/03 13:58:32 INFO  - jmeter.gui.util.MenuFactory: Skipping org.apache.jmeter.visualizers.SplineVisualizer 
2016/10/03 13:58:37 INFO  - jmeter.services.FileServer: Default base='/home/70744416353/NetBeansProjects/github/example-store' 
2016/10/03 13:58:37 INFO  - jmeter.gui.action.Load: Loading file: /home/70744416353/Documentos/SERPRO/TesteSegurancaDemoiselle.jmx 
2016/10/03 13:58:37 INFO  - jmeter.services.FileServer: Set new base='/home/70744416353/Documentos/SERPRO' 
2016/10/03 13:58:37 INFO  - jmeter.save.SaveService: Testplan (JMX) version: 2.2. Testlog (JTL) version: 2.2 
2016/10/03 13:58:37 INFO  - jmeter.save.SaveService: Using SaveService properties file encoding UTF-8 
2016/10/03 13:58:37 INFO  - jmeter.save.SaveService: Using SaveService properties version 2.9 
2016/10/03 13:58:37 INFO  - jmeter.save.SaveService: All converter versions present and correct 
2016/10/03 13:58:37 INFO  - jmeter.save.SaveService: Loading file: /home/70744416353/Documentos/SERPRO/TesteSegurancaDemoiselle.jmx 
2016/10/03 13:58:37 INFO  - jmeter.protocol.http.control.CacheManager: Will only cache the following methods: [GET] 
2016/10/03 13:58:37 INFO  - jmeter.protocol.http.control.CookieManager: Settings: Delete null: true Check: true Allow variable: true Save: false Prefix: COOKIE_ 
2016/10/03 13:58:38 INFO  - jmeter.services.FileServer: Set new base='/home/70744416353/Documentos/SERPRO' 
2016/10/03 13:59:38 INFO  - jmeter.engine.StandardJMeterEngine: Running the test! 
2016/10/03 13:59:38 INFO  - jmeter.samplers.SampleEvent: List of sample_variables: [] 
2016/10/03 13:59:38 INFO  - jmeter.samplers.SampleEvent: List of sample_variables: [] 
2016/10/03 13:59:38 INFO  - jmeter.gui.util.JMeterMenuBar: setRunning(true,*local*) 
2016/10/03 13:59:38 INFO  - jmeter.engine.StandardJMeterEngine: Starting ThreadGroup: 1 : Grupo de Usuários 
2016/10/03 13:59:38 INFO  - jmeter.engine.StandardJMeterEngine: Starting 1 threads for group Grupo de Usuários. 
2016/10/03 13:59:38 INFO  - jmeter.engine.StandardJMeterEngine: Thread will continue on error 
2016/10/03 13:59:38 INFO  - jmeter.threads.ThreadGroup: Starting thread group number 1 threads 1 ramp-up 1 perThread 1000.0 delayedStart=false 
2016/10/03 13:59:38 INFO  - jmeter.threads.ThreadGroup: Started thread group number 1 
2016/10/03 13:59:38 INFO  - jmeter.engine.StandardJMeterEngine: All thread groups have been started 
2016/10/03 13:59:38 INFO  - jmeter.threads.JMeterThread: Thread started: Grupo de Usuários 1-1 
2016/10/03 13:59:38 INFO  - jmeter.protocol.http.sampler.HTTPHCAbstractImpl: Local host = serpro-1548842 
2016/10/03 13:59:38 INFO  - jmeter.protocol.http.sampler.HTTPHC4Impl: HTTP request retry count = 0 
2016/10/03 13:59:39 INFO  - jmeter.threads.JMeterThread: Thread is done: Grupo de Usuários 1-1 
2016/10/03 13:59:39 INFO  - jmeter.threads.JMeterThread: Thread finished: Grupo de Usuários 1-1 
2016/10/03 13:59:39 INFO  - jmeter.engine.StandardJMeterEngine: Notifying test listeners of end of test 
2016/10/03 13:59:39 INFO  - jmeter.gui.util.JMeterMenuBar: setRunning(false,*local*) 
2016/10/03 14:00:09 INFO  - jmeter.engine.StandardJMeterEngine: Running the test! 
2016/10/03 14:00:09 INFO  - jmeter.samplers.SampleEvent: List of sample_variables: [] 
2016/10/03 14:00:09 INFO  - jmeter.gui.util.JMeterMenuBar: setRunning(true,*local*) 
2016/10/03 14:00:09 INFO  - jmeter.engine.StandardJMeterEngine: Starting ThreadGroup: 1 : Grupo de Usuários 
2016/10/03 14:00:09 INFO  - jmeter.engine.StandardJMeterEngine: Starting 1 threads for group Grupo de Usuários. 
2016/10/03 14:00:09 INFO  - jmeter.engine.StandardJMeterEngine: Thread will continue on error 
2016/10/03 14:00:09 INFO  - jmeter.threads.ThreadGroup: Starting thread group number 1 threads 1 ramp-up 1 perThread 1000.0 delayedStart=false 
2016/10/03 14:00:09 INFO  - jmeter.threads.ThreadGroup: Started thread group number 1 
2016/10/03 14:00:09 INFO  - jmeter.engine.StandardJMeterEngine: All thread groups have been started 
2016/10/03 14:00:09 INFO  - jmeter.threads.JMeterThread: Thread started: Grupo de Usuários 1-1 
2016/10/03 14:00:09 INFO  - jmeter.threads.JMeterThread: Thread is done: Grupo de Usuários 1-1 
2016/10/03 14:00:09 INFO  - jmeter.threads.JMeterThread: Thread finished: Grupo de Usuários 1-1 
2016/10/03 14:00:09 INFO  - jmeter.engine.StandardJMeterEngine: Notifying test listeners of end of test 
2016/10/03 14:00:09 INFO  - jmeter.gui.util.JMeterMenuBar: setRunning(false,*local*) 
